#
# A fatal error has been detected by the Java Runtime Environment:
#
#  SIGSEGV (0xb) at pc=0xb5113f30, pid=4918, tid=1837038448
#
# JRE version: 6.0_23-b23
# Java VM: OpenJDK Server VM (20.0-b11 mixed mode linux-x86 )
# Derivative: IcedTea6 1.11pre
# Distribution: Ubuntu 11.10, package 6b23~pre11-0ubuntu1.11.10
# Problematic frame:
# J  org.springframework.transaction.annotation.AnnotationTransactionAttributeSource.determineTransactionAttribute(Ljava/lang/reflect/AnnotatedElement;)Lorg/springframework/transaction/interceptor/TransactionAttribute;
#
# If you would like to submit a bug report, please include
# instructions how to reproduce the bug and visit:
#   https://bugs.launchpad.net/ubuntu/+source/openjdk-6/
#

---------------  T H R E A D  ---------------

Current thread (0x70aff400):  JavaThread "Thread-20" daemon [_thread_in_Java, id=5184, stack(0x6d79f000,0x6d7f0000)]

siginfo:si_signo=SIGSEGV: si_errno=0, si_code=128 (), si_addr=0x00000000

Registers:
EAX=0xa63f1410, EBX=0x747fd6a8, ECX=0x776ab948, EDX=0xa63f1410
ESP=0x6d7edd00, EBP=0xa504f718, ESI=0xa63f4950, EDI=0xa63f4950
EIP=0xb5113f30, EFLAGS=0x00210202, CR2=0x00000008

Top of Stack: (sp=0x6d7edd00)
0x6d7edd00:   00000038 00000000 70aff400 a63f4950
0x6d7edd10:   747fd6a8 a63f1410 a504f738 a504f740
0x6d7edd20:   b487f005 75705908 ffffffff 6d7edd2c
0x6d7edd30:   747bd845 6d7edd58 00000001 b487f10d
0x6d7edd40:   b487f10d a63f1410 6d7edd7c b487f047
0x6d7edd50:   b487f047 a63f1410 a504f0f8 6d7edd5c
0x6d7edd60:   772e8442 6d7edd88 775d6aa8 77901a10
0x6d7edd70:   772e8468 6d7edd54 6d7edd84 6d7eddac 

Instructions: (pc=0xb5113f30)
0xb5113f10:   20 74 00 8b 4b 04 81 f9 48 b9 6a 77 0f 85 db 1b
0xb5113f20:   00 00 89 5c 24 18 8b 5c 24 10 81 fb d8 af 7c 74
0xb5113f30:   0f 85 9f 0c 00 00 8b 4c 24 14 89 4c 24 1c 90 e8
0xb5113f40:   1c 56 79 ff 85 c0 0f 84 1d 01 00 00 b9 50 02 00 

Register to memory mapping:

EAX=0xa63f1410 is an oop
java.lang.reflect.Method 
 - klass: 'java/lang/reflect/Method'
EBX=0x747fd6a8 is an oop
{instance class} 
 - klass: {other class}
ECX=0x776ab948 is an oop
{instance class} 
 - klass: {other class}
EDX=0xa63f1410 is an oop
java.lang.reflect.Method 
 - klass: 'java/lang/reflect/Method'
ESP=0x6d7edd00 is pointing into the stack for thread: 0x70aff400
EBP=0xa504f718 is an oop
java.util.LinkedHashMap$Entry 
 - klass: 'java/util/LinkedHashMap$Entry'
ESI=0xa63f4950 is an oop
java.util.LinkedHashMap$KeyIterator 
 - klass: 'java/util/LinkedHashMap$KeyIterator'
EDI=0xa63f4950 is an oop
java.util.LinkedHashMap$KeyIterator 
 - klass: 'java/util/LinkedHashMap$KeyIterator'


Stack: [0x6d79f000,0x6d7f0000],  sp=0x6d7edd00,  free space=315k
Native frames: (J=compiled Java code, j=interpreted, Vv=VM code, C=native code)
J  org.springframework.transaction.annotation.AnnotationTransactionAttributeSource.determineTransactionAttribute(Ljava/lang/reflect/AnnotatedElement;)Lorg/springframework/transaction/interceptor/TransactionAttribute;


---------------  P R O C E S S  ---------------

Java Threads: ( => current thread )
  0x72225800 JavaThread "Keep-Alive-Timer" daemon [_thread_blocked, id=5185, stack(0x6d7f0000,0x6d841000)]
=>0x70aff400 JavaThread "Thread-20" daemon [_thread_in_Java, id=5184, stack(0x6d79f000,0x6d7f0000)]
  0x703ee800 JavaThread "pool-10-thread-5" [_thread_blocked, id=5183, stack(0x6d8bc000,0x6d90d000)]
  0x719f5800 JavaThread "pool-10-thread-4" [_thread_blocked, id=5182, stack(0x6d74e000,0x6d79f000)]
  0x6eefd800 JavaThread "pool-10-thread-3" [_thread_blocked, id=5181, stack(0x6d841000,0x6d892000)]
  0x70c3f000 JavaThread "pool-10-thread-2" [_thread_blocked, id=5180, stack(0x6d90d000,0x6d95e000)]
  0x72dfb800 JavaThread "pool-10-thread-1" [_thread_blocked, id=5179, stack(0x6d95e000,0x6d9af000)]
  0x6f361c00 JavaThread "pool-9-thread-5" [_thread_blocked, id=5177, stack(0x6f85e000,0x6f8af000)]
  0x6ffec800 JavaThread "pool-9-thread-4" [_thread_blocked, id=5176, stack(0x6a9af000,0x6aa00000)]
  0x69063400 JavaThread "pool-9-thread-3" [_thread_blocked, id=5175, stack(0x6d9af000,0x6da00000)]
  0x6eff3400 JavaThread "pool-9-thread-2" [_thread_blocked, id=5174, stack(0x6a95e000,0x6a9af000)]
  0x72c8b000 JavaThread "pool-9-thread-1" [_thread_blocked, id=5173, stack(0x6edaf000,0x6ee00000)]
  0x09eec000 JavaThread "pool-8-thread-1" [_thread_blocked, id=5172, stack(0x6f80d000,0x6f85e000)]
  0x7285dc00 JavaThread "Java2D Disposer" daemon [_thread_blocked, id=5160, stack(0x6ab0d000,0x6ab5e000)]
  0x72468800 JavaThread "Thread-14" daemon [_thread_blocked, id=5150, stack(0x6ab5e000,0x6abaf000)]
  0x7183d800 JavaThread "Thread-13" daemon [_thread_blocked, id=5046, stack(0x6abaf000,0x6ac00000)]
  0x72a2f400 JavaThread "Thread-12" [_thread_blocked, id=4984, stack(0x6ed0d000,0x6ed5e000)]
  0x712e3400 JavaThread "Thread-11" daemon [_thread_in_native, id=4983, stack(0x6ed5e000,0x6edaf000)]
  0x737ccc00 JavaThread "pool-6-thread-5" [_thread_blocked, id=4973, stack(0x7020d000,0x7025e000)]
  0x737cbc00 JavaThread "pool-6-thread-4" [_thread_blocked, id=4972, stack(0x7025e000,0x702af000)]
  0x733f1400 JavaThread "pool-6-thread-3" [_thread_blocked, id=4971, stack(0x702af000,0x70300000)]
  0x733f0000 JavaThread "pool-6-thread-2" [_thread_blocked, id=4970, stack(0x7061a000,0x7066b000)]
  0x733ef800 JavaThread "pool-6-thread-1" [_thread_blocked, id=4969, stack(0x7066b000,0x706bc000)]
  0x716f7800 JavaThread "pool-5-thread-5" [_thread_blocked, id=4967, stack(0x706bc000,0x7070d000)]
  0x726b9000 JavaThread "pool-5-thread-4" [_thread_blocked, id=4966, stack(0x7070d000,0x7075e000)]
  0x72861000 JavaThread "pool-5-thread-3" [_thread_blocked, id=4965, stack(0x7075e000,0x707af000)]
  0x71d19400 JavaThread "pool-5-thread-2" [_thread_blocked, id=4964, stack(0x707af000,0x70800000)]
  0x7218d400 JavaThread "pool-5-thread-1" [_thread_blocked, id=4963, stack(0x7090d000,0x7095e000)]
  0x70df9c00 JavaThread "Thread-6" daemon [_thread_blocked, id=4962, stack(0x7095e000,0x709af000)]
  0x72239800 JavaThread "Thread-5" daemon [_thread_blocked, id=4961, stack(0x709af000,0x70a00000)]
  0x71834400 JavaThread "pool-4-thread-1" [_thread_blocked, id=4960, stack(0x71b9f000,0x71bf0000)]
  0x72d3b000 JavaThread "pool-2-thread-1" [_thread_blocked, id=4957, stack(0x71bf0000,0x71c41000)]
  0x72d00400 JavaThread "Synchronizer (Spring UAA/1.0.1)" daemon [_thread_blocked, id=4956, stack(0x73833000,0x73884000)]
  0x719f8400 JavaThread "Timer-0" daemon [_thread_blocked, id=4955, stack(0x73884000,0x738d5000)]
  0x09723400 JavaThread "Low Memory Detector" daemon [_thread_blocked, id=4943, stack(0x739d9000,0x73a2a000)]
  0x09729000 JavaThread "C2 CompilerThread1" daemon [_thread_in_native, id=4942, stack(0x73a2a000,0x73aab000)]
  0x09727400 JavaThread "C2 CompilerThread0" daemon [_thread_in_vm, id=4941, stack(0x73aab000,0x73b2c000)]
  0x096f1000 JavaThread "Signal Dispatcher" daemon [_thread_blocked, id=4940, stack(0x73b87000,0x73bd8000)]
  0x096e1800 JavaThread "Finalizer" daemon [_thread_blocked, id=4939, stack(0x73e19000,0x73e6a000)]
  0x096dcc00 JavaThread "Reference Handler" daemon [_thread_blocked, id=4938, stack(0x73e6a000,0x73ebb000)]
  0x09631400 JavaThread "main" [_thread_blocked, id=4932, stack(0xb787c000,0xb78cd000)]

Other Threads:
  0x096d8c00 VMThread [stack: 0x73ebb000,0x73f3c000] [id=4937]
  0x09725400 WatcherThread [stack: 0x73958000,0x739d9000] [id=4944]

VM state:not at safepoint (normal execution)

VM Mutex/Monitor currently owned by a thread: None

Heap
 PSYoungGen      total 241408K, used 36302K [0xa47b0000, 0xb47b0000, 0xb47b0000)
  eden space 219264K, 13% used [0xa47b0000,0xa6456478,0xb1dd0000)
  from space 22144K, 31% used [0xb3210000,0xb38dd5a0,0xb47b0000)
  to   space 20736K, 0% used [0xb1dd0000,0xb1dd0000,0xb3210000)
 PSOldGen        total 524288K, used 170478K [0x847b0000, 0xa47b0000, 0xa47b0000)
  object space 524288K, 32% used [0x847b0000,0x8ee2ba40,0xa47b0000)
 PSPermGen       total 262144K, used 70665K [0x747b0000, 0x847b0000, 0x847b0000)
  object space 262144K, 26% used [0x747b0000,0x78cb2720,0x847b0000)

Code Cache  [0xb487c000, 0xb5124000, 0xb787c000)
 total_blobs=2291 nmethods=1832 adapters=412 free_code_cache=41390592 largest_free_block=32832

Dynamic libraries:
00110000-00138000 r-xp 00000000 08:01 1704900    /lib/i386-linux-gnu/libm-2.13.so
00138000-00139000 r--p 00028000 08:01 1704900    /lib/i386-linux-gnu/libm-2.13.so
00139000-0013a000 rw-p 00029000 08:01 1704900    /lib/i386-linux-gnu/libm-2.13.so
0013a000-00156000 r-xp 00000000 08:01 1704891    /lib/i386-linux-gnu/libgcc_s.so.1
00156000-00157000 r--p 0001b000 08:01 1704891    /lib/i386-linux-gnu/libgcc_s.so.1
00157000-00158000 rw-p 0001c000 08:01 1704891    /lib/i386-linux-gnu/libgcc_s.so.1
00158000-00163000 r-xp 00000000 08:01 148841     /usr/lib/jvm/java-6-openjdk/jre/lib/i386/libverify.so
00163000-00164000 ---p 0000b000 08:01 148841     /usr/lib/jvm/java-6-openjdk/jre/lib/i386/libverify.so
00164000-00165000 r--p 0000b000 08:01 148841     /usr/lib/jvm/java-6-openjdk/jre/lib/i386/libverify.so
00165000-00166000 rw-p 0000c000 08:01 148841     /usr/lib/jvm/java-6-openjdk/jre/lib/i386/libverify.so
00166000-00170000 r-xp 00000000 08:01 1704915    /lib/i386-linux-gnu/libnss_nis-2.13.so
00170000-00171000 r--p 00009000 08:01 1704915    /lib/i386-linux-gnu/libnss_nis-2.13.so
00171000-00172000 rw-p 0000a000 08:01 1704915    /lib/i386-linux-gnu/libnss_nis-2.13.so
00172000-0017d000 r-xp 00000000 08:01 1704911    /lib/i386-linux-gnu/libnss_files-2.13.so
0017d000-0017e000 r--p 0000a000 08:01 1704911    /lib/i386-linux-gnu/libnss_files-2.13.so
0017e000-0017f000 rw-p 0000b000 08:01 1704911    /lib/i386-linux-gnu/libnss_files-2.13.so
0017f000-00186000 r-xp 00000000 08:01 146026     /usr/lib/jvm/java-6-openjdk/jre/lib/i386/libzip.so
00186000-00187000 r--p 00006000 08:01 146026     /usr/lib/jvm/java-6-openjdk/jre/lib/i386/libzip.so
00187000-00188000 rw-p 00007000 08:01 146026     /usr/lib/jvm/java-6-openjdk/jre/lib/i386/libzip.so
00188000-00199000 r-xp 00000000 08:01 532299     /tmp/jna495917706456175412.tmp
00199000-0019a000 rw-p 00011000 08:01 532299     /tmp/jna495917706456175412.tmp
0019a000-001af000 r-xp 00000000 08:01 148852     /usr/lib/jvm/java-6-openjdk/jre/lib/i386/libnet.so
001af000-001b0000 r--p 00014000 08:01 148852     /usr/lib/jvm/java-6-openjdk/jre/lib/i386/libnet.so
001b0000-001b1000 rw-p 00015000 08:01 148852     /usr/lib/jvm/java-6-openjdk/jre/lib/i386/libnet.so
001b1000-001c0000 r-xp 00000000 08:01 146022     /usr/lib/jvm/java-6-openjdk/jre/lib/i386/libj2pkcs11.so
001c0000-001c1000 r--p 0000e000 08:01 146022     /usr/lib/jvm/java-6-openjdk/jre/lib/i386/libj2pkcs11.so
001c1000-001c2000 rw-p 0000f000 08:01 146022     /usr/lib/jvm/java-6-openjdk/jre/lib/i386/libj2pkcs11.so
001c2000-001d9000 r-xp 00000000 08:01 136504     /usr/lib/i386-linux-gnu/libnssutil3.so
001d9000-001dc000 r--p 00016000 08:01 136504     /usr/lib/i386-linux-gnu/libnssutil3.so
001dc000-001dd000 rw-p 00019000 08:01 136504     /usr/lib/i386-linux-gnu/libnssutil3.so
001de000-002bc000 r-xp 00000000 08:01 136572     /usr/lib/i386-linux-gnu/libstdc++.so.6.0.16
002bc000-002bd000 ---p 000de000 08:01 136572     /usr/lib/i386-linux-gnu/libstdc++.so.6.0.16
002bd000-002c1000 r--p 000de000 08:01 136572     /usr/lib/i386-linux-gnu/libstdc++.so.6.0.16
002c1000-002c2000 rw-p 000e2000 08:01 136572     /usr/lib/i386-linux-gnu/libstdc++.so.6.0.16
002c2000-002c9000 rw-p 00000000 00:00 0 
002c9000-00405000 r-xp 00000000 08:01 136496     /usr/lib/i386-linux-gnu/libnss3.so
00405000-00408000 r--p 0013b000 08:01 136496     /usr/lib/i386-linux-gnu/libnss3.so
00408000-0040a000 rw-p 0013e000 08:01 136496     /usr/lib/i386-linux-gnu/libnss3.so
0040a000-0040e000 r-xp 00000000 08:01 136530     /usr/lib/i386-linux-gnu/libplc4.so
0040e000-0040f000 r--p 00003000 08:01 136530     /usr/lib/i386-linux-gnu/libplc4.so
0040f000-00410000 rw-p 00004000 08:01 136530     /usr/lib/i386-linux-gnu/libplc4.so
00410000-00413000 r-xp 00000000 08:01 136531     /usr/lib/i386-linux-gnu/libplds4.so
00413000-00414000 r--p 00002000 08:01 136531     /usr/lib/i386-linux-gnu/libplds4.so
00414000-00415000 rw-p 00003000 08:01 136531     /usr/lib/i386-linux-gnu/libplds4.so
00415000-0044c000 r-xp 00000000 08:01 136495     /usr/lib/i386-linux-gnu/libnspr4.so
0044c000-0044d000 ---p 00037000 08:01 136495     /usr/lib/i386-linux-gnu/libnspr4.so
0044d000-0044e000 r--p 00037000 08:01 136495     /usr/lib/i386-linux-gnu/libnspr4.so
0044e000-0044f000 rw-p 00038000 08:01 136495     /usr/lib/i386-linux-gnu/libnspr4.so
0044f000-00451000 rw-p 00000000 00:00 0 
00451000-00456000 r-xp 00000000 08:01 1704909    /lib/i386-linux-gnu/libnss_dns-2.13.so
00456000-00457000 r--p 00004000 08:01 1704909    /lib/i386-linux-gnu/libnss_dns-2.13.so
00457000-00458000 rw-p 00005000 08:01 1704909    /lib/i386-linux-gnu/libnss_dns-2.13.so
00458000-0045d000 r-xp 00000000 08:01 133869     /usr/lib/libXtst.so.6.1.0
0045d000-0045e000 r--p 00004000 08:01 133869     /usr/lib/libXtst.so.6.1.0
0045e000-0045f000 rw-p 00005000 08:01 133869     /usr/lib/libXtst.so.6.1.0
00462000-0046c000 r-xp 00000000 08:01 148846     /usr/lib/jvm/java-6-openjdk/jre/lib/i386/libinstrument.so
0046c000-0046d000 r--p 00009000 08:01 148846     /usr/lib/jvm/java-6-openjdk/jre/lib/i386/libinstrument.so
0046d000-0046e000 rw-p 0000a000 08:01 148846     /usr/lib/jvm/java-6-openjdk/jre/lib/i386/libinstrument.so
0046e000-0047f000 r-xp 00000000 08:01 136319     /usr/lib/i386-linux-gnu/libXext.so.6.4.0
0047f000-00480000 r--p 00010000 08:01 136319     /usr/lib/i386-linux-gnu/libXext.so.6.4.0
00480000-00481000 rw-p 00011000 08:01 136319     /usr/lib/i386-linux-gnu/libXext.so.6.4.0
00481000-00486000 r-xp 00000000 08:01 136317     /usr/lib/i386-linux-gnu/libXdmcp.so.6.0.0
00486000-00487000 r--p 00004000 08:01 136317     /usr/lib/i386-linux-gnu/libXdmcp.so.6.0.0
00487000-00488000 rw-p 00005000 08:01 136317     /usr/lib/i386-linux-gnu/libXdmcp.so.6.0.0
00488000-00490000 r-xp 00000000 08:01 146025     /usr/lib/jvm/java-6-openjdk/jre/lib/i386/libnio.so
00490000-00491000 r--p 00007000 08:01 146025     /usr/lib/jvm/java-6-openjdk/jre/lib/i386/libnio.so
00491000-00492000 rw-p 00008000 08:01 146025     /usr/lib/jvm/java-6-openjdk/jre/lib/i386/libnio.so
0049d000-004a4000 r-xp 00000000 08:01 1704934    /lib/i386-linux-gnu/librt-2.13.so
004a4000-004a5000 r--p 00006000 08:01 1704934    /lib/i386-linux-gnu/librt-2.13.so
004a5000-004a6000 rw-p 00007000 08:01 1704934    /lib/i386-linux-gnu/librt-2.13.so
004a6000-004c3000 r-xp 00000000 08:01 136605     /usr/lib/i386-linux-gnu/libxcb.so.1.1.0
004c3000-004c4000 r--p 0001c000 08:01 136605     /usr/lib/i386-linux-gnu/libxcb.so.1.1.0
004c4000-004c5000 rw-p 0001d000 08:01 136605     /usr/lib/i386-linux-gnu/libxcb.so.1.1.0
004c5000-004e7000 r-xp 00000000 08:01 136462     /usr/lib/i386-linux-gnu/libjpeg.so.62.0.0
004e7000-004e8000 r--p 00022000 08:01 136462     /usr/lib/i386-linux-gnu/libjpeg.so.62.0.0
004e8000-004e9000 rw-p 00023000 08:01 136462     /usr/lib/i386-linux-gnu/libjpeg.so.62.0.0
004fc000-00672000 r-xp 00000000 08:01 1704870    /lib/i386-linux-gnu/libc-2.13.so
00672000-00674000 r--p 00176000 08:01 1704870    /lib/i386-linux-gnu/libc-2.13.so
00674000-00675000 rw-p 00178000 08:01 1704870    /lib/i386-linux-gnu/libc-2.13.so
00675000-00678000 rw-p 00000000 00:00 0 
00678000-006cb000 r-xp 00000000 08:01 136990     /usr/lib/i386-linux-gnu/nss/libfreebl3.so
006cb000-006cc000 r--p 00052000 08:01 136990     /usr/lib/i386-linux-gnu/nss/libfreebl3.so
006cc000-006cd000 rw-p 00053000 08:01 136990     /usr/lib/i386-linux-gnu/nss/libfreebl3.so
006cd000-006d1000 rw-p 00000000 00:00 0 
006ec000-006f4000 r-xp 00000000 08:01 1704907    /lib/i386-linux-gnu/libnss_compat-2.13.so
006f4000-006f5000 r--p 00007000 08:01 1704907    /lib/i386-linux-gnu/libnss_compat-2.13.so
006f5000-006f6000 rw-p 00008000 08:01 1704907    /lib/i386-linux-gnu/libnss_compat-2.13.so
00711000-00751000 r-xp 00000000 08:01 136995     /usr/lib/i386-linux-gnu/nss/libsoftokn3.so
00751000-00752000 r--p 0003f000 08:01 136995     /usr/lib/i386-linux-gnu/nss/libsoftokn3.so
00752000-00753000 rw-p 00040000 08:01 136995     /usr/lib/i386-linux-gnu/nss/libsoftokn3.so
00753000-00787000 r-xp 00000000 08:01 148834     /usr/lib/jvm/java-6-openjdk/jre/lib/i386/liblcms.so
00787000-00788000 r--p 00033000 08:01 148834     /usr/lib/jvm/java-6-openjdk/jre/lib/i386/liblcms.so
00788000-00789000 rw-p 00034000 08:01 148834     /usr/lib/jvm/java-6-openjdk/jre/lib/i386/liblcms.so
00789000-0078b000 rw-p 00000000 00:00 0 
007b2000-007b6000 r-xp 00000000 08:01 274116     /usr/lib/jvm/java-6-openjdk/jre/lib/i386/jli/libjli.so
007b6000-007b7000 r--p 00003000 08:01 274116     /usr/lib/jvm/java-6-openjdk/jre/lib/i386/jli/libjli.so
007b7000-007b8000 rw-p 00004000 08:01 274116     /usr/lib/jvm/java-6-openjdk/jre/lib/i386/jli/libjli.so
007b8000-00856000 r-xp 00000000 08:01 136567     /usr/lib/i386-linux-gnu/libsqlite3.so.0.8.6
00856000-00857000 ---p 0009e000 08:01 136567     /usr/lib/i386-linux-gnu/libsqlite3.so.0.8.6
00857000-00858000 r--p 0009e000 08:01 136567     /usr/lib/i386-linux-gnu/libsqlite3.so.0.8.6
00858000-00859000 rw-p 0009f000 08:01 136567     /usr/lib/i386-linux-gnu/libsqlite3.so.0.8.6
00859000-0085a000 rw-p 00000000 00:00 0 
0085a000-00894000 r-xp 00000000 08:01 148854     /usr/lib/jvm/java-6-openjdk/jre/lib/i386/libfontmanager.so
00894000-00895000 r--p 00039000 08:01 148854     /usr/lib/jvm/java-6-openjdk/jre/lib/i386/libfontmanager.so
00895000-00896000 rw-p 0003a000 08:01 148854     /usr/lib/jvm/java-6-openjdk/jre/lib/i386/libfontmanager.so
008f0000-00905000 r-xp 00000000 08:01 1704905    /lib/i386-linux-gnu/libnsl-2.13.so
00905000-00906000 r--p 00015000 08:01 1704905    /lib/i386-linux-gnu/libnsl-2.13.so
00906000-00907000 rw-p 00016000 08:01 1704905    /lib/i386-linux-gnu/libnsl-2.13.so
00907000-00909000 rw-p 00000000 00:00 0 
0098e000-009a5000 r-xp 00000000 08:01 1704930    /lib/i386-linux-gnu/libpthread-2.13.so
009a5000-009a6000 r--p 00016000 08:01 1704930    /lib/i386-linux-gnu/libpthread-2.13.so
009a6000-009a7000 rw-p 00017000 08:01 1704930    /lib/i386-linux-gnu/libpthread-2.13.so
009a7000-009a9000 rw-p 00000000 00:00 0 
009a9000-00a3c000 r-xp 00000000 08:01 146024     /usr/lib/jvm/java-6-openjdk/jre/lib/i386/libawt.so
00a3c000-00a3d000 r--p 00092000 08:01 146024     /usr/lib/jvm/java-6-openjdk/jre/lib/i386/libawt.so
00a3d000-00a44000 rw-p 00093000 08:01 146024     /usr/lib/jvm/java-6-openjdk/jre/lib/i386/libawt.so
00a44000-00a68000 rw-p 00000000 00:00 0 
00a80000-00a9e000 r-xp 00000000 08:01 1704857    /lib/i386-linux-gnu/ld-2.13.so
00a9e000-00a9f000 r--p 0001d000 08:01 1704857    /lib/i386-linux-gnu/ld-2.13.so
00a9f000-00aa0000 rw-p 0001e000 08:01 1704857    /lib/i386-linux-gnu/ld-2.13.so
00aeb000-00af2000 r-xp 00000000 08:01 148844     /usr/lib/jvm/java-6-openjdk/jre/lib/i386/libmanagement.so
00af2000-00af3000 r--p 00006000 08:01 148844     /usr/lib/jvm/java-6-openjdk/jre/lib/i386/libmanagement.so
00af3000-00af4000 rw-p 00007000 08:01 148844     /usr/lib/jvm/java-6-openjdk/jre/lib/i386/libmanagement.so
00b1f000-00b6b000 r-xp 00000000 08:01 272683     /usr/lib/jvm/java-6-openjdk/jre/lib/i386/xawt/libmawt.so
00b6b000-00b6c000 r--p 0004b000 08:01 272683     /usr/lib/jvm/java-6-openjdk/jre/lib/i386/xawt/libmawt.so
00b6c000-00b6e000 rw-p 0004c000 08:01 272683     /usr/lib/jvm/java-6-openjdk/jre/lib/i386/xawt/libmawt.so
00b6e000-00b6f000 rw-p 00000000 00:00 0 
00b6f000-00c01000 r-xp 00000000 08:01 131134     /usr/lib/i386-linux-gnu/libfreetype.so.6.6.2
00c01000-00c05000 r--p 00091000 08:01 131134     /usr/lib/i386-linux-gnu/libfreetype.so.6.6.2
00c05000-00c06000 rw-p 00095000 08:01 131134     /usr/lib/i386-linux-gnu/libfreetype.so.6.6.2
00c1b000-00c1d000 r-xp 00000000 08:01 1704003    /lib/libnss_mdns4_minimal.so.2
00c1d000-00c1e000 r--p 00001000 08:01 1704003    /lib/libnss_mdns4_minimal.so.2
00c1e000-00c1f000 rw-p 00002000 08:01 1704003    /lib/libnss_mdns4_minimal.so.2
00c7a000-00c7c000 r-xp 00000000 08:01 136309     /usr/lib/i386-linux-gnu/libXau.so.6.0.0
00c7c000-00c7d000 r--p 00001000 08:01 136309     /usr/lib/i386-linux-gnu/libXau.so.6.0.0
00c7d000-00c7e000 rw-p 00002000 08:01 136309     /usr/lib/i386-linux-gnu/libXau.so.6.0.0
00cee000-00cf8000 r-xp 00000000 08:01 148829     /usr/lib/jvm/java-6-openjdk/jre/lib/i386/libjpeg.so
00cf8000-00cf9000 r--p 00009000 08:01 148829     /usr/lib/jvm/java-6-openjdk/jre/lib/i386/libjpeg.so
00cf9000-00cfa000 rw-p 0000a000 08:01 148829     /usr/lib/jvm/java-6-openjdk/jre/lib/i386/libjpeg.so
00d06000-00d09000 r-xp 00000000 08:01 1704881    /lib/i386-linux-gnu/libdl-2.13.so
00d09000-00d0a000 r--p 00002000 08:01 1704881    /lib/i386-linux-gnu/libdl-2.13.so
00d0a000-00d0b000 rw-p 00003000 08:01 1704881    /lib/i386-linux-gnu/libdl-2.13.so
00d15000-00d28000 r-xp 00000000 08:01 1704932    /lib/i386-linux-gnu/libresolv-2.13.so
00d28000-00d29000 r--p 00012000 08:01 1704932    /lib/i386-linux-gnu/libresolv-2.13.so
00d29000-00d2a000 rw-p 00013000 08:01 1704932    /lib/i386-linux-gnu/libresolv-2.13.so
00d2a000-00d2c000 rw-p 00000000 00:00 0 
00d49000-00d4a000 r-xp 00000000 00:00 0          [vdso]
00d5a000-00d63000 r-xp 00000000 08:01 136331     /usr/lib/i386-linux-gnu/libXrender.so.1.3.0
00d63000-00d64000 r--p 00008000 08:01 136331     /usr/lib/i386-linux-gnu/libXrender.so.1.3.0
00d64000-00d65000 rw-p 00009000 08:01 136331     /usr/lib/i386-linux-gnu/libXrender.so.1.3.0
00dd7000-00de5000 r-xp 00000000 08:01 136325     /usr/lib/i386-linux-gnu/libXi.so.6.1.0
00de5000-00de6000 r--p 0000d000 08:01 136325     /usr/lib/i386-linux-gnu/libXi.so.6.1.0
00de6000-00de7000 rw-p 0000e000 08:01 136325     /usr/lib/i386-linux-gnu/libXi.so.6.1.0
00e16000-00e3c000 r-xp 00000000 08:01 141127     /usr/lib/jvm/java-6-openjdk/jre/lib/i386/libjava.so
00e3c000-00e3d000 r--p 00025000 08:01 141127     /usr/lib/jvm/java-6-openjdk/jre/lib/i386/libjava.so
00e3d000-00e3f000 rw-p 00026000 08:01 141127     /usr/lib/jvm/java-6-openjdk/jre/lib/i386/libjava.so
00e7f000-00e92000 r-xp 00000000 08:01 1704953    /lib/i386-linux-gnu/libz.so.1.2.3.4
00e92000-00e93000 r--p 00012000 08:01 1704953    /lib/i386-linux-gnu/libz.so.1.2.3.4
00e93000-00e94000 rw-p 00013000 08:01 1704953    /lib/i386-linux-gnu/libz.so.1.2.3.4
00e94000-016b2000 r-xp 00000000 08:01 274118     /usr/lib/jvm/java-6-openjdk/jre/lib/i386/server/libjvm.so
016b2000-016f7000 r--p 0081e000 08:01 274118     /usr/lib/jvm/java-6-openjdk/jre/lib/i386/server/libjvm.so
016f7000-01706000 rw-p 00863000 08:01 274118     /usr/lib/jvm/java-6-openjdk/jre/lib/i386/server/libjvm.so
01706000-01b20000 rw-p 00000000 00:00 0 
022f5000-02426000 r-xp 00000000 08:01 136307     /usr/lib/i386-linux-gnu/libX11.so.6.3.0
02426000-02427000 ---p 00131000 08:01 136307     /usr/lib/i386-linux-gnu/libX11.so.6.3.0
02427000-02428000 r--p 00131000 08:01 136307     /usr/lib/i386-linux-gnu/libX11.so.6.3.0
02428000-0242a000 rw-p 00132000 08:01 136307     /usr/lib/i386-linux-gnu/libX11.so.6.3.0
0242a000-0242b000 rw-p 00000000 00:00 0 
08048000-08051000 r-xp 00000000 08:01 274092     /usr/lib/jvm/java-6-openjdk/jre/bin/java
08051000-08052000 r--p 00008000 08:01 274092     /usr/lib/jvm/java-6-openjdk/jre/bin/java
08052000-08053000 rw-p 00009000 08:01 274092     /usr/lib/jvm/java-6-openjdk/jre/bin/java
09629000-0fddd000 rw-p 00000000 00:00 0          [heap]
66d00000-66dfc000 rw-p 00000000 00:00 0 
66dfc000-66e00000 ---p 00000000 00:00 0 
66e00000-66ec4000 rw-p 00000000 00:00 0 
66ec4000-66f00000 ---p 00000000 00:00 0 
66f00000-66ffa000 rw-p 00000000 00:00 0 
66ffa000-67000000 ---p 00000000 00:00 0 
67000000-670ff000 rw-p 00000000 00:00 0 
670ff000-67100000 ---p 00000000 00:00 0 
67100000-671ed000 rw-p 00000000 00:00 0 
671ed000-67200000 ---p 00000000 00:00 0 
67200000-672fb000 rw-p 00000000 00:00 0 
672fb000-67300000 ---p 00000000 00:00 0 
67300000-673ed000 rw-p 00000000 00:00 0 
673ed000-67400000 ---p 00000000 00:00 0 
67500000-675fc000 rw-p 00000000 00:00 0 
675fc000-67600000 ---p 00000000 00:00 0 
67600000-676f1000 rw-p 00000000 00:00 0 
676f1000-67700000 ---p 00000000 00:00 0 
67700000-677de000 rw-p 00000000 00:00 0 
677de000-67800000 ---p 00000000 00:00 0 
67800000-678f0000 rw-p 00000000 00:00 0 
678f0000-67900000 ---p 00000000 00:00 0 
67900000-679fe000 rw-p 00000000 00:00 0 
679fe000-67a00000 ---p 00000000 00:00 0 
67a00000-67b00000 rw-p 00000000 00:00 0 
67b00000-67d00000 rw-p 00000000 00:00 0 
67d00000-67f00000 rw-p 00000000 00:00 0 
67f00000-68100000 rw-p 00000000 00:00 0 
68100000-68300000 rw-p 00000000 00:00 0 
68300000-68500000 rw-p 00000000 00:00 0 
68500000-68700000 rw-p 00000000 00:00 0 
68700000-68900000 rw-p 00000000 00:00 0 
68900000-68b00000 rw-p 00000000 00:00 0 
68b00000-68d00000 rw-p 00000000 00:00 0 
68d00000-69000000 rw-p 00000000 00:00 0 
69000000-690f4000 rw-p 00000000 00:00 0 
690f4000-69100000 ---p 00000000 00:00 0 
69100000-69200000 rw-p 00000000 00:00 0 
69200000-692d2000 rw-p 00000000 00:00 0 
692d2000-69300000 ---p 00000000 00:00 0 
69300000-693f3000 rw-p 00000000 00:00 0 
693f3000-69400000 ---p 00000000 00:00 0 
69400000-694f1000 rw-p 00000000 00:00 0 
694f1000-69500000 ---p 00000000 00:00 0 
69500000-695f2000 rw-p 00000000 00:00 0 
695f2000-69600000 ---p 00000000 00:00 0 
69600000-696f1000 rw-p 00000000 00:00 0 
696f1000-69700000 ---p 00000000 00:00 0 
69800000-698ff000 rw-p 00000000 00:00 0 
698ff000-69900000 ---p 00000000 00:00 0 
69900000-699fb000 rw-p 00000000 00:00 0 
699fb000-69a00000 ---p 00000000 00:00 0 
69a00000-69afd000 rw-p 00000000 00:00 0 
69afd000-69b00000 ---p 00000000 00:00 0 
69b00000-69bdb000 rw-p 00000000 00:00 0 
69bdb000-69c00000 ---p 00000000 00:00 0 
69c00000-69cf6000 rw-p 00000000 00:00 0 
69cf6000-69d00000 ---p 00000000 00:00 0 
69d00000-69dfb000 rw-p 00000000 00:00 0 
69dfb000-69e00000 ---p 00000000 00:00 0 
69e00000-69fc0000 rw-p 00000000 00:00 0 
69fc0000-6a000000 ---p 00000000 00:00 0 
6a000000-6a200000 rw-p 00000000 00:00 0 
6a200000-6a2f9000 rw-p 00000000 00:00 0 
6a2f9000-6a300000 ---p 00000000 00:00 0 
6a300000-6a400000 rw-p 00000000 00:00 0 
6a400000-6a4fb000 rw-p 00000000 00:00 0 
6a4fb000-6a500000 ---p 00000000 00:00 0 
6a500000-6a600000 rw-p 00000000 00:00 0 
6a600000-6a6fa000 rw-p 00000000 00:00 0 
6a6fa000-6a700000 ---p 00000000 00:00 0 
6a700000-6a7e5000 rw-p 00000000 00:00 0 
6a7e5000-6a800000 ---p 00000000 00:00 0 
6a800000-6a8fb000 rw-p 00000000 00:00 0 
6a8fb000-6a900000 ---p 00000000 00:00 0 
6a90d000-6a910000 ---p 00000000 00:00 0 
6a910000-6a95e000 rw-p 00000000 00:00 0 
6a95e000-6a961000 ---p 00000000 00:00 0 
6a961000-6a9af000 rw-p 00000000 00:00 0 
6a9af000-6a9b2000 ---p 00000000 00:00 0 
6a9b2000-6aa00000 rw-p 00000000 00:00 0 
6aa00000-6ab00000 rw-p 00000000 00:00 0 
6ab0d000-6ab10000 ---p 00000000 00:00 0 
6ab10000-6ab5e000 rw-p 00000000 00:00 0 
6ab5e000-6ab61000 ---p 00000000 00:00 0 
6ab61000-6abaf000 rw-p 00000000 00:00 0 
6abaf000-6abb2000 ---p 00000000 00:00 0 
6abb2000-6ac00000 rw-p 00000000 00:00 0 
6ac00000-6ace4000 rw-p 00000000 00:00 0 
6ace4000-6ad00000 ---p 00000000 00:00 0 
6ad00000-6adfb000 rw-p 00000000 00:00 0 
6adfb000-6ae00000 ---p 00000000 00:00 0 
6ae00000-6aefc000 rw-p 00000000 00:00 0 
6aefc000-6af00000 ---p 00000000 00:00 0 
6af00000-6affe000 rw-p 00000000 00:00 0 
6affe000-6b000000 ---p 00000000 00:00 0 
6b000000-6b0f9000 rw-p 00000000 00:00 0 
6b0f9000-6b100000 ---p 00000000 00:00 0 
6b100000-6b1e1000 rw-p 00000000 00:00 0 
6b1e1000-6b200000 ---p 00000000 00:00 0 
6b200000-6b2f9000 rw-p 00000000 00:00 0 
6b2f9000-6b300000 ---p 00000000 00:00 0 
6b300000-6b3f9000 rw-p 00000000 00:00 0 
6b3f9000-6b400000 ---p 00000000 00:00 0 
6b400000-6b5f9000 rw-p 00000000 00:00 0 
6b5f9000-6b600000 ---p 00000000 00:00 0 
6b600000-6b7f2000 rw-p 00000000 00:00 0 
6b7f2000-6b800000 ---p 00000000 00:00 0 
6b800000-6ba00000 rw-p 00000000 00:00 0 
6ba00000-6bc00000 rw-p 00000000 00:00 0 
6bc00000-6be00000 rw-p 00000000 00:00 0 
6be00000-6c000000 rw-p 00000000 00:00 0 
6c000000-6c200000 rw-p 00000000 00:00 0 
6c200000-6c400000 rw-p 00000000 00:00 0 
6c400000-6c600000 rw-p 00000000 00:00 0 
6c600000-6c800000 rw-p 00000000 00:00 0 
6c800000-6ca00000 rw-p 00000000 00:00 0 
6ca00000-6cc00000 rw-p 00000000 00:00 0 
6cc00000-6ce00000 rw-p 00000000 00:00 0 
6ce00000-6d000000 rw-p 00000000 00:00 0 
6d000000-6d200000 rw-p 00000000 00:00 0 
6d200000-6d400000 rw-p 00000000 00:00 0 
6d400000-6d600000 rw-p 00000000 00:00 0 
6d600000-6d700000 rw-p 00000000 00:00 0 
6d74e000-6d751000 ---p 00000000 00:00 0 
6d751000-6d79f000 rw-p 00000000 00:00 0 
6d79f000-6d7a2000 ---p 00000000 00:00 0 
6d7a2000-6d7f0000 rw-p 00000000 00:00 0 
6d7f0000-6d7f3000 ---p 00000000 00:00 0 
6d7f3000-6d841000 rw-p 00000000 00:00 0 
6d841000-6d844000 ---p 00000000 00:00 0 
6d844000-6d892000 rw-p 00000000 00:00 0 
6d894000-6d895000 r--s 00000000 08:01 406093     /var/cache/fontconfig/c05880de57d1f5e948fdfacc138775d9-le32d4.cache-3
6d895000-6d89b000 r--s 00000000 08:01 406090     /var/cache/fontconfig/945677eb7aeaf62f1d50efc3fb3ec7d8-le32d4.cache-3
6d89b000-6d89d000 r--s 00000000 08:01 406091     /var/cache/fontconfig/99e8ed0e538f840c565b6ed5dad60d56-le32d4.cache-3
6d89d000-6d8a2000 r--s 00000000 08:01 411206     /var/cache/fontconfig/e25ca923d7a08ab6b0777bd7eb77ea77-le32d4.cache-3
6d8a2000-6d8a5000 r--s 00000000 08:01 406101     /var/cache/fontconfig/e383d7ea5fbe662a33d9b44caf393297-le32d4.cache-3
6d8a5000-6d8a8000 r--s 00000000 08:01 406078     /var/cache/fontconfig/2cd17615ca594fa2959ae173292e504c-le32d4.cache-3
6d8a8000-6d8a9000 r--s 00000000 08:01 406102     /var/cache/fontconfig/e7071f4a29fa870f4323321c154eba04-le32d4.cache-3
6d8a9000-6d8ad000 r--s 00000000 08:01 406087     /var/cache/fontconfig/6eb3985aa4124903f6ff08ba781cd364-le32d4.cache-3
6d8ad000-6d8b1000 r--s 00000000 08:01 406092     /var/cache/fontconfig/a755afe4a08bf5b97852ceb7400b47bc-le32d4.cache-3
6d8b1000-6d8bc000 r--s 00000000 08:01 406076     /var/cache/fontconfig/0f34bcd4b6ee430af32735b75db7f02b-le32d4.cache-3
6d8bc000-6d8bf000 ---p 00000000 00:00 0 
6d8bf000-6d90d000 rw-p 00000000 00:00 0 
6d90d000-6d910000 ---p 00000000 00:00 0 
6d910000-6d95e000 rw-p 00000000 00:00 0 
6d95e000-6d961000 ---p 00000000 00:00 0 
6d961000-6d9af000 rw-p 00000000 00:00 0 
6d9af000-6d9b2000 ---p 00000000 00:00 0 
6d9b2000-6da00000 rw-p 00000000 00:00 0 
6da00000-6daf4000 rw-p 00000000 00:00 0 
6daf4000-6db00000 ---p 00000000 00:00 0 
6db00000-6dc00000 rw-p 00000000 00:00 0 
6dc00000-6dcd2000 rw-p 00000000 00:00 0 
6dcd2000-6dd00000 ---p 00000000 00:00 0 
6dd00000-6ddf3000 rw-p 00000000 00:00 0 
6ddf3000-6de00000 ---p 00000000 00:00 0 
6de00000-6def1000 rw-p 00000000 00:00 0 
6def1000-6df00000 ---p 00000000 00:00 0 
6df00000-6dff2000 rw-p 00000000 00:00 0 
6dff2000-6e000000 ---p 00000000 00:00 0 
6e000000-6e0f9000 rw-p 00000000 00:00 0 
6e0f9000-6e100000 ---p 00000000 00:00 0 
6e100000-6e1c1000 rw-p 00000000 00:00 0 
6e1c1000-6e200000 ---p 00000000 00:00 0 
6e200000-6e2f1000 rw-p 00000000 00:00 0 
6e2f1000-6e300000 ---p 00000000 00:00 0 
6e300000-6e3fa000 rw-p 00000000 00:00 0 
6e3fa000-6e400000 ---p 00000000 00:00 0 
6e400000-6e4f9000 rw-p 00000000 00:00 0 
6e4f9000-6e500000 ---p 00000000 00:00 0 
6e500000-6e5f1000 rw-p 00000000 00:00 0 
6e5f1000-6e600000 ---p 00000000 00:00 0 
6e600000-6e6f9000 rw-p 00000000 00:00 0 
6e6f9000-6e700000 ---p 00000000 00:00 0 
6e700000-6e800000 rw-p 00000000 00:00 0 
6e800000-6e8eb000 rw-p 00000000 00:00 0 
6e8eb000-6e900000 ---p 00000000 00:00 0 
6e900000-6e9fe000 rw-p 00000000 00:00 0 
6e9fe000-6ea00000 ---p 00000000 00:00 0 
6ea00000-6eadd000 rw-p 00000000 00:00 0 
6eadd000-6eb00000 ---p 00000000 00:00 0 
6eb00000-6ebe7000 rw-p 00000000 00:00 0 
6ebe7000-6ec00000 ---p 00000000 00:00 0 
6ec00000-6ed00000 rw-p 00000000 00:00 0 
6ed01000-6ed02000 r--s 00000000 08:01 406082     /var/cache/fontconfig/4c73fe0c47614734b17d736dbde7580a-le32d4.cache-3
6ed02000-6ed03000 r--s 00000000 08:01 406075     /var/cache/fontconfig/0d8c3b2ac0904cb8a57a757ad11a4a08-le32d4.cache-3
6ed03000-6ed0a000 r--s 00000000 08:01 406100     /var/cache/fontconfig/6d41288fd70b0be22e8c3a91e032eec0-le32d4.cache-3
6ed0a000-6ed0d000 r--s 00000000 08:01 406098     /var/cache/fontconfig/d60319d88cac85ba9e1a07bd06cfbb8c-le32d4.cache-3
6ed0d000-6ed10000 ---p 00000000 00:00 0 
6ed10000-6ed5e000 rw-p 00000000 00:00 0 
6ed5e000-6ed61000 ---p 00000000 00:00 0 
6ed61000-6edaf000 rw-p 00000000 00:00 0 
6edaf000-6edb2000 ---p 00000000 00:00 0 
6edb2000-6ee00000 rw-p 00000000 00:00 0 
6ee00000-6eefe000 rw-p 00000000 00:00 0 
6eefe000-6ef00000 ---p 00000000 00:00 0 
6ef00000-6eff4000 rw-p 00000000 00:00 0 
6eff4000-6f000000 ---p 00000000 00:00 0 
6f000000-6f0fd000 rw-p 00000000 00:00 0 
6f0fd000-6f100000 ---p 00000000 00:00 0 
6f100000-6f1f5000 rw-p 00000000 00:00 0 
6f1f5000-6f200000 ---p 00000000 00:00 0 
6f200000-6f2fa000 rw-p 00000000 00:00 0 
6f2fa000-6f300000 ---p 00000000 00:00 0 
6f300000-6f3e6000 rw-p 00000000 00:00 0 
6f3e6000-6f400000 ---p 00000000 00:00 0 
6f400000-6f4fa000 rw-p 00000000 00:00 0 
6f4fa000-6f500000 ---p 00000000 00:00 0 
6f500000-6f5e9000 rw-p 00000000 00:00 0 
6f5e9000-6f600000 ---p 00000000 00:00 0 
6f600000-6f6ff000 rw-p 00000000 00:00 0 
6f6ff000-6f700000 ---p 00000000 00:00 0 
6f700000-6f7ed000 rw-p 00000000 00:00 0 
6f7ed000-6f800000 ---p 00000000 00:00 0 
6f800000-6f80d000 r--s 00000000 08:01 406097     /var/cache/fontconfig/d52a8644073d54c13679302ca1180695-le32d4.cache-3
6f80d000-6f810000 ---p 00000000 00:00 0 
6f810000-6f85e000 rw-p 00000000 00:00 0 
6f85e000-6f861000 ---p 00000000 00:00 0 
6f861000-6f8af000 rw-p 00000000 00:00 0 
6f8af000-6f8b2000 ---p 00000000 00:00 0 
6f8b2000-6f900000 rw-p 00000000 00:00 0 
6f900000-6fb00000 rw-p 00000000 00:00 0 
6fb00000-6fd00000 rw-p 00000000 00:00 0 
6fd00000-6ff00000 rw-p 00000000 00:00 0 
6ff00000-6ffed000 rw-p 00000000 00:00 0 
6ffed000-70000000 ---p 00000000 00:00 0 
70000000-700fb000 rw-p 00000000 00:00 0 
700fb000-70100000 ---p 00000000 00:00 0 
70100000-70200000 rw-p 00000000 00:00 0 
70200000-70201000 r--s 00000000 08:01 406085     /var/cache/fontconfig/6a53c69dea097a2d716e069445527da8-le32d4.cache-3
70201000-70202000 r--s 00000000 08:01 406080     /var/cache/fontconfig/4794a0821666d79190d59a36cb4f44b5-le32d4.cache-3
70202000-70204000 r--s 00000000 08:01 410478     /var/cache/fontconfig/e13b20fdb08344e0e664864cc2ede53d-le32d4.cache-3
70204000-70207000 r--s 00000000 08:01 411204     /var/cache/fontconfig/7ef2298fde41cc6eeb7af42e48b7d293-le32d4.cache-3
70207000-7020d000 r--s 00000000 08:01 406090     /var/cache/fontconfig/945677eb7aeaf62f1d50efc3fb3ec7d8-le32d4.cache-3
7020d000-70210000 ---p 00000000 00:00 0 
70210000-7025e000 rw-p 00000000 00:00 0 
7025e000-70261000 ---p 00000000 00:00 0 
70261000-702af000 rw-p 00000000 00:00 0 
702af000-702b2000 ---p 00000000 00:00 0 
702b2000-70300000 rw-p 00000000 00:00 0 
70300000-703f3000 rw-p 00000000 00:00 0 
703f3000-70400000 ---p 00000000 00:00 0 
70400000-70500000 rw-p 00000000 00:00 0 
70500000-705fa000 rw-p 00000000 00:00 0 
705fa000-70600000 ---p 00000000 00:00 0 
70600000-70601000 r--s 00000000 08:01 406093     /var/cache/fontconfig/c05880de57d1f5e948fdfacc138775d9-le32d4.cache-3
70601000-70603000 r--s 00000000 08:01 406091     /var/cache/fontconfig/99e8ed0e538f840c565b6ed5dad60d56-le32d4.cache-3
70603000-70608000 r--s 00000000 08:01 411206     /var/cache/fontconfig/e25ca923d7a08ab6b0777bd7eb77ea77-le32d4.cache-3
70608000-7060b000 r--s 00000000 08:01 406101     /var/cache/fontconfig/e383d7ea5fbe662a33d9b44caf393297-le32d4.cache-3
7060b000-7060e000 r--s 00000000 08:01 406078     /var/cache/fontconfig/2cd17615ca594fa2959ae173292e504c-le32d4.cache-3
7060e000-7060f000 r--s 00000000 08:01 406102     /var/cache/fontconfig/e7071f4a29fa870f4323321c154eba04-le32d4.cache-3
7060f000-70613000 r--s 00000000 08:01 406087     /var/cache/fontconfig/6eb3985aa4124903f6ff08ba781cd364-le32d4.cache-3
70613000-7061a000 r--s 00000000 08:01 406100     /var/cache/fontconfig/6d41288fd70b0be22e8c3a91e032eec0-le32d4.cache-3
7061a000-7061d000 ---p 00000000 00:00 0 
7061d000-7066b000 rw-p 00000000 00:00 0 
7066b000-7066e000 ---p 00000000 00:00 0 
7066e000-706bc000 rw-p 00000000 00:00 0 
706bc000-706bf000 ---p 00000000 00:00 0 
706bf000-7070d000 rw-p 00000000 00:00 0 
7070d000-70710000 ---p 00000000 00:00 0 
70710000-7075e000 rw-p 00000000 00:00 0 
7075e000-70761000 ---p 00000000 00:00 0 
70761000-707af000 rw-p 00000000 00:00 0 
707af000-707b2000 ---p 00000000 00:00 0 
707b2000-70800000 rw-p 00000000 00:00 0 
70800000-708fe000 rw-p 00000000 00:00 0 
708fe000-70900000 ---p 00000000 00:00 0 
70900000-70901000 r--s 00000000 08:01 406082     /var/cache/fontconfig/4c73fe0c47614734b17d736dbde7580a-le32d4.cache-3
70901000-70902000 r--s 00000000 08:01 406075     /var/cache/fontconfig/0d8c3b2ac0904cb8a57a757ad11a4a08-le32d4.cache-3
70902000-7090d000 r--s 00000000 08:01 406076     /var/cache/fontconfig/0f34bcd4b6ee430af32735b75db7f02b-le32d4.cache-3
7090d000-70910000 ---p 00000000 00:00 0 
70910000-7095e000 rw-p 00000000 00:00 0 
7095e000-70961000 ---p 00000000 00:00 0 
70961000-709af000 rw-p 00000000 00:00 0 
709af000-709b2000 ---p 00000000 00:00 0 
709b2000-70a00000 rw-p 00000000 00:00 0 
70a00000-70bd5000 rw-p 00000000 00:00 0 
70bd5000-70c00000 ---p 00000000 00:00 0 
70c00000-70cfc000 rw-p 00000000 00:00 0 
70cfc000-70d00000 ---p 00000000 00:00 0 
70d00000-70dfa000 rw-p 00000000 00:00 0 
70dfa000-70e00000 ---p 00000000 00:00 0 
70e00000-70f00000 rw-p 00000000 00:00 0 
70f00000-70fff000 rw-p 00000000 00:00 0 
70fff000-71000000 ---p 00000000 00:00 0 
71000000-710f8000 rw-p 00000000 00:00 0 
710f8000-71100000 ---p 00000000 00:00 0 
71100000-71200000 rw-p 00000000 00:00 0 
71200000-712e5000 rw-p 00000000 00:00 0 
712e5000-71300000 ---p 00000000 00:00 0 
71300000-71400000 rw-p 00000000 00:00 0 
71400000-714ef000 rw-p 00000000 00:00 0 
714ef000-71500000 ---p 00000000 00:00 0 
71500000-715fe000 rw-p 00000000 00:00 0 
715fe000-71600000 ---p 00000000 00:00 0 
71600000-716fa000 rw-p 00000000 00:00 0 
716fa000-71700000 ---p 00000000 00:00 0 
71700000-717ff000 rw-p 00000000 00:00 0 
717ff000-71800000 ---p 00000000 00:00 0 
71800000-718fe000 rw-p 00000000 00:00 0 
718fe000-71900000 ---p 00000000 00:00 0 
71900000-719f9000 rw-p 00000000 00:00 0 
719f9000-71a00000 ---p 00000000 00:00 0 
71a00000-71aff000 rw-p 00000000 00:00 0 
71aff000-71b00000 ---p 00000000 00:00 0 
71b00000-71b04000 r--s 00000000 08:01 406092     /var/cache/fontconfig/a755afe4a08bf5b97852ceb7400b47bc-le32d4.cache-3
71b04000-71b07000 r--s 00000000 08:01 406098     /var/cache/fontconfig/d60319d88cac85ba9e1a07bd06cfbb8c-le32d4.cache-3
71b07000-71b14000 r--s 00000000 08:01 406097     /var/cache/fontconfig/d52a8644073d54c13679302ca1180695-le32d4.cache-3
71b14000-71b16000 r--s 00000000 08:01 410478     /var/cache/fontconfig/e13b20fdb08344e0e664864cc2ede53d-le32d4.cache-3
71b16000-71b19000 r--s 00000000 08:01 411204     /var/cache/fontconfig/7ef2298fde41cc6eeb7af42e48b7d293-le32d4.cache-3
71b1b000-71b29000 r--s 00351000 08:01 135764     /usr/lib/jvm/java-6-openjdk/jre/lib/charsets.jar
71b29000-71b37000 r--s 00351000 08:01 135764     /usr/lib/jvm/java-6-openjdk/jre/lib/charsets.jar
71b37000-71b3e000 r--s 00053000 08:01 1445118    /home/alari/.grails/ivy-cache/log4j/log4j/jars/log4j-1.2.14.jar
71b3e000-71b44000 r--s 00034000 08:01 1442355    /home/alari/.grails/ivy-cache/junit/junit/jars/junit-4.8.1.jar
71b44000-71b9f000 r--s 00581000 08:01 1318686    /home/alari/.grails/ivy-cache/org.codehaus.groovy/groovy-all/jars/groovy-all-1.8.3.jar
71b9f000-71ba2000 ---p 00000000 00:00 0 
71ba2000-71bf0000 rw-p 00000000 00:00 0 
71bf0000-71bf3000 ---p 00000000 00:00 0 
71bf3000-71c41000 rw-p 00000000 00:00 0 
71c41000-71c45000 r--s 00038000 08:01 135782     /usr/lib/jvm/java-6-openjdk/jre/lib/ext/sunpkcs11.jar
71c45000-71c47000 r--s 00013000 08:01 131525     /usr/lib/jvm/java-6-openjdk/jre/lib/jce.jar
71c47000-71c4a000 r--s 00031000 08:01 135784     /usr/lib/jvm/java-6-openjdk/jre/lib/ext/sunjce_provider.jar
71c4a000-71c51000 r--s 000fb000 08:01 135795     /usr/lib/jvm/java-6-openjdk/jre/lib/resources.jar
71c51000-71c52000 r--s 00000000 08:01 406085     /var/cache/fontconfig/6a53c69dea097a2d716e069445527da8-le32d4.cache-3
71c53000-71c55000 r--s 00001000 08:01 1446612    /home/alari/.grails/ivy-cache/org.grails.plugins/geb/zips/geb-0.6.1.zip
71c5c000-71c60000 r--s 00012000 08:01 1189545    /home/alari/projects/mirari-infra-image/lib/Thumbnailator-0.3.10.jar
71c60000-71c76000 r--s 001b8000 08:01 1444149    /home/alari/.grails/2.0.0.RC1/projects/mirari/plugins/svn-1.0.0.M1/lib/svnkit-1.3.5.jar
71c76000-71c78000 r--s 00009000 08:01 1442475    /home/alari/.grails/ivy-cache/org.hamcrest/hamcrest-core/jars/hamcrest-core-1.2.jar
71c78000-71cd3000 r--s 00581000 08:01 1321010    /home/alari/.grails/ivy-cache/org.codehaus.groovy/groovy-all/jars/groovy-all-1.8.4.jar
71cd3000-71cda000 r--s 00036000 08:01 1318706    /home/alari/.grails/ivy-cache/junit/junit-dep/jars/junit-dep-4.9.jar
71cda000-71ce5000 r--s 00061000 08:01 1443296    /home/alari/.grails/ivy-cache/org.spockframework/spock-core/jars/spock-core-0.6-groovy-1.8-SNAPSHOT.jar
71ce5000-71ce7000 r--s 00011000 08:01 1441858    /home/alari/.grails/ivy-cache/org.spockframework/spock-grails-support/jars/spock-grails-support-0.6-groovy-1.8-SNAPSHOT.jar
71ce7000-71ceb000 r--s 0005f000 08:01 1446613    /home/alari/.grails/ivy-cache/org.codehaus.geb/geb-core/jars/geb-core-0.6.1.jar
71ceb000-71cec000 r--s 00002000 08:01 1446611    /home/alari/.grails/ivy-cache/org.codehaus.geb/geb-spock/jars/geb-spock-0.6.1.jar
71cec000-71cf2000 r--s 00044000 08:01 1442467    /home/alari/.grails/ivy-cache/commons-jxpath/commons-jxpath/jars/commons-jxpath-1.3.jar
71cf2000-71d00000 r--s 00266000 08:01 1442417    /home/alari/.grails/ivy-cache/com.opera/operadriver/jars/operadriver-0.6.jar
71d00000-71dfd000 rw-p 00000000 00:00 0 
71dfd000-71e00000 ---p 00000000 00:00 0 
71e00000-71e01000 r--s 00000000 08:01 406080     /var/cache/fontconfig/4794a0821666d79190d59a36cb4f44b5-le32d4.cache-3
71e05000-71e06000 r--s 00001000 08:01 1442423    /home/alari/.grails/ivy-cache/org.grails.plugins/spock/zips/spock-0.6-SNAPSHOT.zip
71e06000-71e0a000 r--s 00010000 08:01 1442437    /home/alari/.grails/ivy-cache/org.seleniumhq.selenium/selenium-support/jars/selenium-support-2.5.0.jar
71e0a000-71e0b000 r--s 00002000 08:01 1442435    /home/alari/.grails/ivy-cache/org.seleniumhq.selenium/selenium-iphone-driver/jars/selenium-iphone-driver-2.5.0.jar
71e0b000-71e0f000 r--s 000d0000 08:01 1320082    /home/alari/.grails/ivy-cache/net.java.dev.jna/jna/jars/jna-3.3.0.jar
71e0f000-71e10000 r--s 000ef000 08:01 1442433    /home/alari/.grails/ivy-cache/org.seleniumhq.selenium/selenium-ie-driver/jars/selenium-ie-driver-2.5.0.jar
71e10000-71e11000 r--s 00167000 08:01 1442431    /home/alari/.grails/ivy-cache/org.seleniumhq.selenium/selenium-firefox-driver/jars/selenium-firefox-driver-2.5.0.jar
71e11000-71e12000 r--s 00003000 08:01 1442465    /home/alari/.grails/ivy-cache/org.w3c.css/sac/jars/sac-1.3.jar
71e12000-71e15000 r--s 0003b000 08:01 1442461    /home/alari/.grails/ivy-cache/net.sourceforge.cssparser/cssparser/jars/cssparser-0.9.5.jar
71e15000-71e23000 r--s 000e1000 08:01 1442459    /home/alari/.grails/ivy-cache/net.sourceforge.htmlunit/htmlunit-core-js/jars/htmlunit-core-js-2.9.jar
71e23000-71e25000 r--s 00005000 08:01 1442457    /home/alari/.grails/ivy-cache/org.apache.httpcomponents/httpmime/jars/httpmime-4.1.2.jar
71e25000-71e4a000 r--s 002e3000 08:01 1442453    /home/alari/.grails/ivy-cache/xalan/xalan/jars/xalan-2.7.1.jar
71e4a000-71e5b000 r--s 000e4000 08:01 1442451    /home/alari/.grails/ivy-cache/net.sourceforge.htmlunit/htmlunit/jars/htmlunit-2.9.jar
71e5b000-71e5d000 r--s 0000b000 08:01 1442429    /home/alari/.grails/ivy-cache/org.seleniumhq.selenium/selenium-htmlunit-driver/jars/selenium-htmlunit-driver-2.5.0.jar
71e5d000-71e62000 r--s 00028000 08:01 1442449    /home/alari/.grails/ivy-cache/org.apache.httpcomponents/httpcore/jars/httpcore-4.1.2.jar
71e62000-71e6a000 r--s 0004e000 08:01 1442445    /home/alari/.grails/ivy-cache/org.apache.httpcomponents/httpclient/jars/httpclient-4.1.2.jar
71e6a000-71e82000 r--s 00100000 08:01 1442447    /home/alari/.grails/ivy-cache/com.google.guava/guava/jars/guava-r09.jar
71e82000-71e86000 r--s 00017000 08:01 1442443    /home/alari/.grails/ivy-cache/org.seleniumhq.selenium/selenium-api/jars/selenium-api-2.5.0.jar
71e86000-71e88000 r--s 00008000 08:01 1442441    /home/alari/.grails/ivy-cache/org.json/json/jars/json-20080701.jar
71e88000-71e8d000 r--s 0002b000 08:01 1442439    /home/alari/.grails/ivy-cache/org.seleniumhq.selenium/selenium-remote-driver/jars/selenium-remote-driver-2.5.0.jar
71e8d000-71e8f000 r--s 00000000 08:01 1442425    /home/alari/.grails/ivy-cache/org.seleniumhq.selenium/selenium-android-driver/jars/selenium-android-driver-2.5.0.jar
71e8f000-71e96000 r--s 0004e000 08:01 1442415    /home/alari/.grails/ivy-cache/org.seleniumhq.selenium/selenium-java/jars/selenium-java-2.5.0.jar
71e96000-71e99000 r--s 0002d000 08:01 1318705    /home/alari/.grails/ivy-cache/org.grails/grails-test/jars/grails-test-2.0.0.RC1.jar
71e99000-71e9f000 r--s 0006a000 08:01 1318704    /home/alari/.grails/ivy-cache/org.grails/grails-plugin-testing/jars/grails-plugin-testing-2.0.0.RC1.jar
71e9f000-71ea6000 r--s 00035000 08:01 1442413    /home/alari/.grails/ivy-cache/org.springframework.security/spring-security-web/jars/spring-security-web-3.0.5.RELEASE.jar
71ea6000-71eb0000 r--s 00042000 08:01 1442411    /home/alari/.grails/ivy-cache/org.springframework.security/spring-security-core/jars/spring-security-core-3.0.5.RELEASE.jar
71eb0000-71ef7000 r--s 00267000 08:01 1442403    /home/alari/.grails/ivy-cache/com.amazonaws/aws-java-sdk/jars/aws-java-sdk-1.1.9.jar
71ef7000-71ef9000 r--s 0000e000 08:01 1442409    /home/alari/.grails/ivy-cache/javax.activation/activation/jars/activation-1.1.jar
71ef9000-71f00000 r--s 00067000 08:01 1442401    /home/alari/.grails/ivy-cache/javax.mail/mail/jars/mail-1.4.1.jar
71f00000-720f9000 rw-p 00000000 00:00 0 
720f9000-72100000 ---p 00000000 00:00 0 
72100000-72300000 rw-p 00000000 00:00 0 
72300000-724e1000 rw-p 00000000 00:00 0 
724e1000-72500000 ---p 00000000 00:00 0 
72500000-725f6000 rw-p 00000000 00:00 0 
725f6000-72600000 ---p 00000000 00:00 0 
72600000-72800000 rw-p 00000000 00:00 0 
72800000-72a00000 rw-p 00000000 00:00 0 
72a00000-72b00000 rw-p 00000000 00:00 0 
72b00000-72b01000 r--s 00002000 08:01 1442427    /home/alari/.grails/ivy-cache/org.seleniumhq.selenium/selenium-chrome-driver/jars/selenium-chrome-driver-2.5.0.jar
72b01000-72b05000 r--s 0002f000 08:01 1442397    /home/alari/.grails/ivy-cache/org.codehaus.jackson/jackson-core-asl/jars/jackson-core-asl-1.7.2.jar
72b05000-72b07000 r--s 00005000 08:01 1442393    /home/alari/.grails/ivy-cache/stax/stax-api/jars/stax-api-1.0.1.jar
72b07000-72b0a000 r--s 00029000 08:01 1442385    /home/alari/.grails/ivy-cache/stax/stax/jars/stax-1.2.0.jar
72b0a000-72b0c000 r--s 00000000 08:01 1443948    /home/alari/.grails/ivy-cache/org.slf4j/jul-to-slf4j/jars/jul-to-slf4j-1.6.2.jar
72b0c000-72b0e000 r--s 00003000 08:01 1443947    /home/alari/.grails/ivy-cache/org.slf4j/jcl-over-slf4j/jars/jcl-over-slf4j-1.6.2.jar
72b0e000-72b17000 r--s 0006d000 08:01 1442379    /home/alari/.grails/ivy-cache/log4j/log4j/bundles/log4j-1.2.16.jar
72b17000-72b2c000 r--s 000e3000 08:01 1443946    /home/alari/.grails/ivy-cache/net.sf.ehcache/ehcache-core/jars/ehcache-core-2.4.6.jar
72b2c000-72b2e000 r--s 00005000 08:01 1442375    /home/alari/.grails/ivy-cache/xpp3/xpp3_min/jars/xpp3_min-1.1.4c.jar
72b2e000-72b30000 r--s 00004000 08:01 1442373    /home/alari/.grails/ivy-cache/javax.servlet/jstl/jars/jstl-1.1.2.jar
72b30000-72b3a000 r--s 00120000 08:01 1442371    /home/alari/.grails/ivy-cache/com.h2database/h2/jars/h2-1.2.147.jar
72b3a000-72b3d000 r--s 00016000 08:01 1443945    /home/alari/.grails/ivy-cache/commons-pool/commons-pool/jars/commons-pool-1.5.6.jar
72b3d000-72b40000 r--s 00025000 08:01 1443944    /home/alari/.grails/ivy-cache/commons-dbcp/commons-dbcp/jars/commons-dbcp-1.4.jar
72b40000-72b42000 r--s 0000e000 08:01 1442365    /home/alari/.grails/ivy-cache/oro/oro/jars/oro-2.0.8.jar
72b42000-72b44000 r--s 0000d000 08:01 1443943    /home/alari/.grails/ivy-cache/commons-fileupload/commons-fileupload/jars/commons-fileupload-1.2.2.jar
72b44000-72b45000 r--s 0000a000 08:01 1318703    /home/alari/.grails/ivy-cache/asm/asm/jars/asm-3.1.jar
72b45000-72b4c000 r--s 0003e000 08:01 1318701    /home/alari/.grails/ivy-cache/cglib/cglib/jars/cglib-2.2.jar
72b4c000-72b50000 r--s 00019000 08:01 1442361    /home/alari/.grails/ivy-cache/org.aspectj/aspectjrt/jars/aspectjrt-1.6.10.jar
72b50000-72b66000 r--s 00184000 08:01 1442359    /home/alari/.grails/ivy-cache/org.aspectj/aspectjweaver/jars/aspectjweaver-1.6.10.jar
72b66000-72b6a000 r--s 00016000 08:01 1442347    /home/alari/.grails/ivy-cache/com.thoughtworks.proxytoys/proxytoys/jars/proxytoys-1.0.jar
72b6a000-72b70000 r--s 0004a000 08:01 1318699    /home/alari/.grails/ivy-cache/cglib/cglib-nodep/jars/cglib-nodep-2.2.2.jar
72b70000-72b74000 r--s 00033000 08:01 1442357    /home/alari/.grails/ivy-cache/org.mongodb/mongo-java-driver/jars/mongo-java-driver-2.3.jar
72b74000-72b7a000 r--s 00038000 08:01 1320075    /home/alari/.grails/ivy-cache/com.google.code.morphia/morphia/jars/morphia-0.99.jar
72b7a000-72b7b000 r--s 00004000 08:01 1442407    /home/alari/.grails/ivy-cache/com.jamesmurty.utils/java-xmlbuilder/jars/java-xmlbuilder-0.4.jar
72b7b000-72b81000 r--s 00045000 08:01 1442405    /home/alari/.grails/ivy-cache/commons-httpclient/commons-httpclient/jars/commons-httpclient-3.1.jar
72b81000-72b83000 r--s 0000d000 08:01 1442395    /home/alari/.grails/ivy-cache/commons-logging/commons-logging/jars/commons-logging-1.1.1.jar
72b83000-72b8c000 r--s 00072000 08:01 1442399    /home/alari/.grails/ivy-cache/net.java.dev.jets3t/jets3t/jars/jets3t-0.8.1.jar
72b8c000-72b8e000 r--s 0001c000 08:01 1188869    /home/alari/.grails/ivy-cache/eu.medsea.mimeutil/mime-util/bundles/mime-util-2.1.3.jar
72b8e000-72ba2000 r--s 00168000 08:01 1442345    /home/alari/.grails/ivy-cache/org.mbte.groovypp/groovypp-all/jars/groovypp-all-0.9.0_1.8.2.jar
72ba2000-72ba9000 r--s 0004c000 08:01 1442353    /home/alari/.grails/ivy-cache/org.coconut.forkjoin/jsr166y/jars/jsr166y-070108.jar
72ba9000-72bb4000 r--s 0008e000 08:01 1442343    /home/alari/.grails/ivy-cache/org.codehaus.gpars/gpars/jars/gpars-0.11.jar
72bb4000-72bba000 r--s 00054000 08:01 1318698    /home/alari/.grails/ivy-cache/org.grails/grails-datastore-simple/jars/grails-datastore-simple-1.0.0.RC1.jar
72bba000-72bc3000 r--s 00041000 08:01 1443942    /home/alari/.grails/ivy-cache/org.grails/grails-datastore-core/jars/grails-datastore-core-1.0.0.RC1.jar
72bc3000-72bc8000 r--s 00043000 08:01 1443941    /home/alari/.grails/ivy-cache/org.grails/grails-datastore-gorm/jars/grails-datastore-gorm-1.0.0.RC1.jar
72bc8000-72bd3000 r--s 0007f000 08:01 1443940    /home/alari/.grails/ivy-cache/org.springframework/spring-webmvc/jars/spring-webmvc-3.1.0.RC1.jar
72bd3000-72be0000 r--s 00077000 08:01 1443702    /home/alari/.grails/ivy-cache/org.springframework/spring-web/jars/spring-web-3.1.0.RC1.jar
72be0000-72be8000 r--s 00035000 08:01 1443694    /home/alari/.grails/ivy-cache/org.springframework/spring-tx/jars/spring-tx-3.1.0.RC1.jar
72be8000-72bf1000 r--s 00054000 08:01 1443691    /home/alari/.grails/ivy-cache/org.springframework/spring-orm/jars/spring-orm-3.1.0.RC1.jar
72bf1000-72bf6000 r--s 0002b000 08:01 1443680    /home/alari/.grails/ivy-cache/org.springframework/spring-jms/jars/spring-jms-3.1.0.RC1.jar
72bf6000-72c00000 r--s 00059000 08:01 1443606    /home/alari/.grails/ivy-cache/org.springframework/spring-jdbc/jars/spring-jdbc-3.1.0.RC1.jar
72c00000-72cfc000 rw-p 00000000 00:00 0 
72cfc000-72d00000 ---p 00000000 00:00 0 
72d00000-72dfc000 rw-p 00000000 00:00 0 
72dfc000-72e00000 ---p 00000000 00:00 0 
72e00000-72efa000 rw-p 00000000 00:00 0 
72efa000-72f00000 ---p 00000000 00:00 0 
72f00000-72f05000 r--s 00027000 08:01 1443605    /home/alari/.grails/ivy-cache/org.springframework/spring-expression/jars/spring-expression-3.1.0.RC1.jar
72f05000-72f08000 r--s 00016000 08:01 1443604    /home/alari/.grails/ivy-cache/org.springframework/spring-context-support/jars/spring-context-support-3.1.0.RC1.jar
72f08000-72f1d000 r--s 000b1000 08:01 1443603    /home/alari/.grails/ivy-cache/org.springframework/spring-context/jars/spring-context-3.1.0.RC1.jar
72f1d000-72f29000 r--s 00084000 08:01 1443602    /home/alari/.grails/ivy-cache/org.springframework/spring-beans/jars/spring-beans-3.1.0.RC1.jar
72f29000-72f2a000 r--s 0000c000 08:01 1443601    /home/alari/.grails/ivy-cache/org.springframework/spring-asm/jars/spring-asm-3.1.0.RC1.jar
72f2a000-72f2c000 r--s 0000a000 08:01 1443600    /home/alari/.grails/ivy-cache/org.springframework/spring-aspects/jars/spring-aspects-3.1.0.RC1.jar
72f2c000-72f34000 r--s 00049000 08:01 1443599    /home/alari/.grails/ivy-cache/org.springframework/spring-aop/jars/spring-aop-3.1.0.RC1.jar
72f34000-72f3e000 r--s 00062000 08:01 1443598    /home/alari/.grails/ivy-cache/org.springframework/spring-core/jars/spring-core-3.1.0.RC1.jar
72f3e000-72f40000 r--s 00008000 08:01 1443597    /home/alari/.grails/ivy-cache/org.grails/grails-plugin-validation/jars/grails-plugin-validation-2.0.0.RC1.jar
72f40000-72f43000 r--s 0001c000 08:01 1443596    /home/alari/.grails/ivy-cache/org.grails/grails-plugin-url-mappings/jars/grails-plugin-url-mappings-2.0.0.RC1.jar
72f43000-72f45000 r--s 0000f000 08:01 1443595    /home/alari/.grails/ivy-cache/org.grails/grails-plugin-mimetypes/jars/grails-plugin-mimetypes-2.0.0.RC1.jar
72f45000-72f47000 r--s 00005000 08:01 1443594    /home/alari/.grails/ivy-cache/org.grails/grails-plugin-servlets/jars/grails-plugin-servlets-2.0.0.RC1.jar
72f47000-72f49000 r--s 00008000 08:01 1443593    /home/alari/.grails/ivy-cache/org.grails/grails-plugin-services/jars/grails-plugin-services-2.0.0.RC1.jar
72f49000-72f4b000 r--s 00006000 08:01 1443592    /home/alari/.grails/ivy-cache/org.grails/grails-plugin-scaffolding/jars/grails-plugin-scaffolding-2.0.0.RC1.jar
72f4b000-72f4d000 r--s 0000e000 08:01 1318697    /home/alari/.grails/ivy-cache/org.grails/grails-plugin-log4j/jars/grails-plugin-log4j-2.0.0.RC1.jar
72f4d000-72f4e000 r--s 00004000 08:01 1443591    /home/alari/.grails/ivy-cache/org.grails/grails-plugin-i18n/jars/grails-plugin-i18n-2.0.0.RC1.jar
72f4e000-72f55000 r--s 0006f000 08:01 1318695    /home/alari/.grails/ivy-cache/org.grails/grails-plugin-gsp/jars/grails-plugin-gsp-2.0.0.RC1.jar
72f55000-72f57000 r--s 0000e000 08:01 1318694    /home/alari/.grails/ivy-cache/org.grails/grails-plugin-filters/jars/grails-plugin-filters-2.0.0.RC1.jar
72f57000-72f59000 r--s 00009000 08:01 1318693    /home/alari/.grails/ivy-cache/org.grails/grails-plugin-datasource/jars/grails-plugin-datasource-2.0.0.RC1.jar
72f59000-72f5d000 r--s 00024000 08:01 1443590    /home/alari/.grails/ivy-cache/org.grails/grails-plugin-converters/jars/grails-plugin-converters-2.0.0.RC1.jar
72f5d000-72f60000 r--s 00019000 08:01 1443589    /home/alari/.grails/ivy-cache/org.grails/grails-plugin-domain-class/jars/grails-plugin-domain-class-2.0.0.RC1.jar
72f60000-72f64000 r--s 00028000 08:01 1443588    /home/alari/.grails/ivy-cache/org.grails/grails-plugin-controllers/jars/grails-plugin-controllers-2.0.0.RC1.jar
72f64000-72f66000 r--s 00015000 08:01 1318692    /home/alari/.grails/ivy-cache/org.grails/grails-plugin-codecs/jars/grails-plugin-codecs-2.0.0.RC1.jar
72f66000-72f67000 r--s 00000000 08:01 1318691    /home/alari/.grails/ivy-cache/org.grails/grails-logging/jars/grails-logging-2.0.0.RC1.jar
72f67000-72f69000 r--s 00009000 08:01 1443565    /home/alari/.grails/ivy-cache/org.grails/grails-spring/jars/grails-spring-2.0.0.RC1.jar
72f69000-72f6b000 r--s 00009000 08:01 1443563    /home/alari/.grails/ivy-cache/org.grails/grails-crud/jars/grails-crud-2.0.0.RC1.jar
72f6b000-72f71000 r--s 00027000 08:01 1442281    /home/alari/.grails/ivy-cache/opensymphony/sitemesh/jars/sitemesh-2.4.jar
72f71000-72f76000 r--s 00015000 08:01 1318689    /home/alari/.grails/ivy-cache/org.hibernate.javax.persistence/hibernate-jpa-2.0-api/jars/hibernate-jpa-2.0-api-1.0.1.Final.jar
72f76000-72f77000 r--s 00003000 08:01 1442277    /home/alari/.grails/ivy-cache/javax.transaction/jta/jars/jta-1.1.jar
72f77000-72f7c000 r--s 00041000 08:01 1442455    /home/alari/.grails/ivy-cache/commons-lang/commons-lang/jars/commons-lang-2.6.jar
72f7c000-72f7f000 r--s 00025000 08:01 1443507    /home/alari/.grails/ivy-cache/commons-io/commons-io/jars/commons-io-2.1.jar
72f7f000-72f81000 r--s 00010000 08:01 1442471    /home/alari/.grails/ivy-cache/commons-codec/commons-codec/jars/commons-codec-1.5.jar
72f81000-72f83000 r--s 00000000 08:01 1442271    /home/alari/.grails/ivy-cache/aopalliance/aopalliance/jars/aopalliance-1.0.jar
72f83000-72f86000 r--s 0001f000 08:01 1320063    /home/alari/.grails/ivy-cache/commons-validator/commons-validator/jars/commons-validator-1.3.1.jar
72f86000-72f89000 r--s 00019000 08:01 1320061    /home/alari/.grails/ivy-cache/commons-el/commons-el/jars/commons-el-1.0.jar
72f89000-72f8e000 r--s 00034000 08:01 1318687    /home/alari/.grails/ivy-cache/commons-beanutils/commons-beanutils/jars/commons-beanutils-1.8.3.jar
72f8e000-72f8f000 r--s 0000c000 08:01 1320462    /home/alari/.grails/ivy-cache/org.grails/grails-plugin-tomcat/jars/grails-plugin-tomcat-2.0.0.RC1.jar
72f8f000-72f9e000 r--s 00190000 08:01 1064218    /home/alari/.grails/ivy-cache/org.eclipse.jdt.core.compiler/ecj/jars/ecj-3.6.2.jar
72f9e000-72fa0000 r--s 00012000 08:01 1188782    /home/alari/.grails/ivy-cache/org.apache.tomcat.embed/tomcat-embed-logging-log4j/jars/tomcat-embed-logging-log4j-7.0.16.jar
72fa0000-72fab000 r--s 000b5000 08:01 1188780    /home/alari/.grails/ivy-cache/org.apache.tomcat.embed/tomcat-embed-jasper/jars/tomcat-embed-jasper-7.0.16.jar
72fab000-72fcb000 r--s 00232000 08:01 1063969    /home/alari/.grails/ivy-cache/org.apache.tomcat.embed/tomcat-embed-core/jars/tomcat-embed-core-7.0.16.jar
72fcb000-72fcd000 r--s 0000c000 08:01 1064216    /home/alari/.grails/ivy-cache/org.apache.tomcat/tomcat-catalina-ant/jars/tomcat-catalina-ant-7.0.16.jar
72fcd000-72fcf000 r--s 00013000 08:01 1442997    /home/alari/.grails/ivy-cache/xml-resolver/xml-resolver/jars/xml-resolver-1.2.jar
72fcf000-72fd2000 r--s 00013000 08:01 1443000    /home/alari/.grails/ivy-cache/net.sf.ezmorph/ezmorph/jars/ezmorph-1.0.6.jar
72fd2000-72fd6000 r--s 0003c000 08:01 1442477    /home/alari/.grails/ivy-cache/commons-lang/commons-lang/jars/commons-lang-2.4.jar
72fd6000-72fe4000 r--s 0007f000 08:01 1442275    /home/alari/.grails/ivy-cache/commons-collections/commons-collections/jars/commons-collections-3.2.1.jar
72fe4000-72fe9000 r--s 00034000 08:01 1320059    /home/alari/.grails/ivy-cache/commons-beanutils/commons-beanutils/jars/commons-beanutils-1.8.0.jar
72fe9000-72fed000 r--s 00022000 08:01 1442995    /home/alari/.grails/ivy-cache/net.sf.json-lib/json-lib/jars/json-lib-2.3-jdk15.jar
72fed000-72fef000 r--s 0000a000 08:01 1442598    /home/alari/.grails/ivy-cache/commons-codec/commons-codec/jars/commons-codec-1.3.jar
72fef000-72ff4000 r--s 00026000 08:01 1442998    /home/alari/.grails/ivy-cache/org.apache.httpcomponents/httpcore/jars/httpcore-4.0.1.jar
72ff4000-72ffb000 r--s 00040000 08:01 1442993    /home/alari/.grails/ivy-cache/org.apache.httpcomponents/httpclient/jars/httpclient-4.0.jar
72ffb000-72ffd000 r--s 00022000 08:01 1442956    /home/alari/.grails/ivy-cache/org.codehaus.groovy.modules.http-builder/http-builder/jars/http-builder-0.5.0.jar
72ffd000-73000000 r--s 00019000 08:01 1442992    /home/alari/.grails/ivy-cache/nekohtml/nekohtml/jars/nekohtml-1.9.6.2.jar
73000000-730fb000 rw-p 00000000 00:00 0 
730fb000-73100000 ---p 00000000 00:00 0 
73100000-731f0000 rw-p 00000000 00:00 0 
731f0000-73200000 ---p 00000000 00:00 0 
73200000-73400000 rw-p 00000000 00:00 0 
73400000-73500000 rw-p 00000000 00:00 0 
73500000-73600000 rw-p 00000000 00:00 0 
73600000-73601000 r--s 00002000 08:01 1442974    /home/alari/.grails/ivy-cache/org.apache.maven.wagon/wagon-file/jars/wagon-file-1.0-beta-6.jar
73601000-73603000 r--s 00002000 08:01 1442970    /home/alari/.grails/ivy-cache/org.apache.maven/maven-error-diagnostics/jars/maven-error-diagnostics-2.2.1.jar
73603000-73605000 r--s 00006000 08:01 1442986    /home/alari/.grails/ivy-cache/org.apache.maven/maven-plugin-registry/jars/maven-plugin-registry-2.2.1.jar
73605000-73607000 r--s 00007000 08:01 1442984    /home/alari/.grails/ivy-cache/org.apache.maven/maven-profile/jars/maven-profile-2.2.1.jar
73607000-73608000 r--s 0000b000 08:01 1442972    /home/alari/.grails/ivy-cache/org.apache.maven/maven-settings/jars/maven-settings-2.2.1.jar
73608000-7360c000 r--s 00023000 08:01 1442968    /home/alari/.grails/ivy-cache/org.apache.maven/maven-project/jars/maven-project-2.2.1.jar
7360c000-7360e000 r--s 00014000 08:01 1442966    /home/alari/.grails/ivy-cache/org.apache.maven/maven-model/jars/maven-model-2.2.1.jar
7360e000-73616000 r--s 00049000 08:01 1442982    /home/alari/.grails/ivy-cache/backport-util-concurrent/backport-util-concurrent/jars/backport-util-concurrent-3.1.jar
73616000-73618000 r--s 0000b000 08:01 1442978    /home/alari/.grails/ivy-cache/org.apache.maven.wagon/wagon-provider-api/jars/wagon-provider-api-1.0-beta-6.jar
73618000-7361a000 r--s 00005000 08:01 1442980    /home/alari/.grails/ivy-cache/org.apache.maven/maven-repository-metadata/jars/maven-repository-metadata-2.2.1.jar
7361a000-7361c000 r--s 0000f000 08:01 1442964    /home/alari/.grails/ivy-cache/org.apache.maven/maven-artifact-manager/jars/maven-artifact-manager-2.2.1.jar
7361c000-7361f000 r--s 00011000 08:01 1064232    /home/alari/.grails/ivy-cache/org.apache.maven/maven-artifact/jars/maven-artifact-2.2.1.jar
7361f000-73621000 r--s 0000b000 08:01 1442962    /home/alari/.grails/ivy-cache/org.codehaus.plexus/plexus-interpolation/jars/plexus-interpolation-1.11.jar
73621000-73625000 r--s 00034000 08:01 1442960    /home/alari/.grails/ivy-cache/org.codehaus.plexus/plexus-utils/jars/plexus-utils-1.5.15.jar
73625000-7362c000 r--s 00029000 08:01 1442958    /home/alari/.grails/ivy-cache/org.codehaus.plexus/plexus-container-default/jars/plexus-container-default-1.0-alpha-9-stable-1.jar
7362c000-7362e000 r--s 00008000 08:01 1320266    /home/alari/.grails/ivy-cache/classworlds/classworlds/jars/classworlds-1.1-alpha-2.jar
7362e000-7363d000 r--s 000ee000 08:01 1188705    /home/alari/.grails/ivy-cache/ant/ant/jars/ant-1.6.5.jar
7363d000-7365e000 r--s 00172000 08:01 1064245    /home/alari/.grails/ivy-cache/org.apache.maven/maven-ant-tasks/jars/maven-ant-tasks-2.1.0.jar
7365e000-73676000 r--s 00115000 08:01 1319770    /home/alari/.grails/ivy-cache/xerces/xercesImpl/jars/xercesImpl-2.9.1.jar
73676000-73679000 r--s 00022000 08:01 1319764    /home/alari/.grails/ivy-cache/net.sourceforge.nekohtml/nekohtml/jars/nekohtml-1.9.15.jar
73679000-7367a000 r--s 00001000 08:01 1319736    /home/alari/.grails/ivy-cache/org.apache.ant/ant-trax/jars/ant-trax-1.7.1.jar
7367a000-7367c000 r--s 00017000 08:01 1319734    /home/alari/.grails/ivy-cache/org.apache.ant/ant-junit/jars/ant-junit-1.8.2.jar
7367c000-7367e000 r--s 00002000 08:01 1319732    /home/alari/.grails/ivy-cache/org.apache.ant/ant-launcher/jars/ant-launcher-1.8.2.jar
7367e000-7369c000 r--s 001bb000 08:01 1319730    /home/alari/.grails/ivy-cache/org.apache.ant/ant/jars/ant-1.8.2.jar
7369c000-736a3000 r--s 00037000 08:01 1443509    /home/alari/.grails/ivy-cache/junit/junit/jars/junit-4.10.jar
736a3000-736a6000 r--s 0000b000 08:01 1318554    /home/alari/.grails/ivy-cache/com.googlecode.concurrentlinkedhashmap/concurrentlinkedhashmap-lru/jars/concurrentlinkedhashmap-lru-1.2_jdk5.jar
736a6000-736ab000 r--s 00033000 08:01 1318553    /home/alari/.grails/ivy-cache/org.springframework/spring-test/jars/spring-test-3.1.0.RC1.jar
736ab000-736ad000 r--s 00005000 08:01 1318552    /home/alari/.grails/ivy-cache/org.slf4j/slf4j-api/jars/slf4j-api-1.6.2.jar
736ad000-736ba000 r--s 000b0000 08:01 1318551    /home/alari/.grails/ivy-cache/org.grails/grails-web/jars/grails-web-2.0.0.RC1.jar
736ba000-736bd000 r--s 00024000 08:01 1318550    /home/alari/.grails/ivy-cache/org.grails/grails-resources/jars/grails-resources-2.0.0.RC1.jar
736bd000-736ca000 r--s 000a7000 08:01 1318549    /home/alari/.grails/ivy-cache/org.grails/grails-core/jars/grails-core-2.0.0.RC1.jar
736ca000-736d4000 r--s 000f7000 08:01 1318548    /home/alari/.grails/ivy-cache/org.grails/grails-scripts/jars/grails-scripts-2.0.0.RC1.jar
736d4000-736dd000 r--s 00090000 08:01 1318547    /home/alari/.grails/ivy-cache/org.grails/grails-bootstrap/jars/grails-bootstrap-2.0.0.RC1.jar
736dd000-736e0000 r--s 0003c000 08:01 1318546    /home/alari/.grails/ivy-cache/org.grails/grails-docs/jars/grails-docs-2.0.0.RC1.jar
736e0000-736e3000 r--s 00041000 08:01 1319744    /home/alari/.grails/ivy-cache/xalan/serializer/jars/serializer-2.7.1.jar
736e3000-736e6000 r--s 000cf000 08:01 1319742    /home/alari/.grails/ivy-cache/net.java.dev.jna/jna/jars/jna-3.2.3.jar
736e6000-736e8000 r--s 00008000 08:01 1319740    /home/alari/.grails/ivy-cache/org.fusesource.jansi/jansi/jars/jansi-1.2.1.jar
736e8000-736ea000 r--s 00015000 08:01 1319738    /home/alari/.grails/ivy-cache/jline/jline/jars/jline-1.0.jar
736ea000-73700000 r--s 001b0000 08:01 1319728    /home/alari/.grails/ivy-cache/org.tmatesoft.svnkit/svnkit/jars/svnkit-1.3.4.jar
73700000-737e8000 rw-p 00000000 00:00 0 
737e8000-73800000 ---p 00000000 00:00 0 
73800000-73802000 r--s 00008000 08:01 1442990    /home/alari/.grails/ivy-cache/nekohtml/xercesMinimal/jars/xercesMinimal-1.9.6.2.jar
73802000-73804000 r--s 00005000 08:01 1442988    /home/alari/.grails/ivy-cache/org.apache.maven.wagon/wagon-http-shared/jars/wagon-http-shared-1.0-beta-6.jar
73804000-73829000 r--s 00172000 08:01 1319726    /home/alari/.grails/ivy-cache/org.bouncycastle/bcprov-jdk15/jars/bcprov-jdk15-1.45.jar
73829000-7382e000 r--s 00024000 08:01 1319724    /home/alari/.grails/ivy-cache/org.bouncycastle/bcpg-jdk15/jars/bcpg-jdk15-1.45.jar
7382e000-73833000 r--s 0004c000 08:01 1188778    /home/alari/.grails/ivy-cache/com.google.protobuf/protobuf-java/jars/protobuf-java-2.3.0.jar
73833000-73836000 ---p 00000000 00:00 0 
73836000-73884000 rw-p 00000000 00:00 0 
73884000-73887000 ---p 00000000 00:00 0 
73887000-738d5000 rw-p 00000000 00:00 0 
738d5000-73935000 r--s 00d92000 08:01 274159     /usr/lib/jvm/java-6-openjdk/lib/tools.jar
73935000-7393a000 r--s 00050000 08:01 273768     /usr/share/grails/2.0.0.RC1/lib/org.codehaus.gant/gant_groovy1.8/jars/gant_groovy1.8-1.9.6.jar
7393a000-73958000 r--s 001bb000 08:01 265315     /usr/share/grails/2.0.0.RC1/lib/org.apache.ant/ant/jars/ant-1.8.2.jar
73958000-73959000 ---p 00000000 00:00 0 
73959000-739d9000 rw-p 00000000 00:00 0 
739d9000-739dc000 ---p 00000000 00:00 0 
739dc000-73a2a000 rw-p 00000000 00:00 0 
73a2a000-73a2d000 ---p 00000000 00:00 0 
73a2d000-73aab000 rw-p 00000000 00:00 0 
73aab000-73aae000 ---p 00000000 00:00 0 
73aae000-73b2c000 rw-p 00000000 00:00 0 
73b2c000-73b87000 r--s 00581000 08:01 408431     /usr/share/grails/2.0.0.RC1/lib/org.codehaus.groovy/groovy-all/jars/groovy-all-1.8.3.jar
73b87000-73b8a000 ---p 00000000 00:00 0 
73b8a000-73bd8000 rw-p 00000000 00:00 0 
73bd8000-73bd9000 r--p 0043a000 08:01 139120     /usr/lib/locale/locale-archive
73bd9000-73c19000 r--p 002bd000 08:01 139120     /usr/lib/locale/locale-archive
73c19000-73e19000 r--p 00000000 08:01 139120     /usr/lib/locale/locale-archive
73e19000-73e1c000 ---p 00000000 00:00 0 
73e1c000-73e6a000 rw-p 00000000 00:00 0 
73e6a000-73e6d000 ---p 00000000 00:00 0 
73e6d000-73ebb000 rw-p 00000000 00:00 0 
73ebb000-73ebc000 ---p 00000000 00:00 0 
73ebc000-73f6f000 rw-p 00000000 00:00 0 
73f6f000-74100000 r--s 037b8000 08:01 148855     /usr/lib/jvm/java-6-openjdk/jre/lib/rt.jar
74100000-741fd000 rw-p 00000000 00:00 0 
741fd000-74200000 ---p 00000000 00:00 0 
74200000-74201000 r--s 00003000 08:01 1442976    /home/alari/.grails/ivy-cache/org.apache.maven.wagon/wagon-http-lightweight/jars/wagon-http-lightweight-1.0-beta-6.jar
74201000-74204000 r--s 0001a000 08:01 1188775    /home/alari/.grails/ivy-cache/org.springframework.uaa/org.springframework.uaa.client/bundles/org.springframework.uaa.client-1.0.1.RELEASE.jar
74204000-74213000 r--s 000d9000 08:01 273880     /usr/share/grails/2.0.0.RC1/lib/org.apache.ivy/ivy/jars/ivy-2.2.0.jar
74213000-74215000 r--s 00009000 08:01 400649     /usr/share/grails/2.0.0.RC1/lib/commons-cli/commons-cli/jars/commons-cli-1.2.jar
74215000-74218000 r--s 000cf000 08:01 265161     /usr/share/grails/2.0.0.RC1/lib/net.java.dev.jna/jna/jars/jna-3.2.3.jar
74218000-7421b000 r--s 0007d000 08:01 131499     /usr/lib/jvm/java-6-openjdk/jre/lib/jsse.jar
7421b000-74222000 r--s 00066000 08:01 273838     /usr/share/grails/2.0.0.RC1/lib/com.springsource.springloaded/springloaded-core/jars/springloaded-core-1.0.1.jar
74222000-7422b000 r--s 00090000 08:01 265124     /usr/share/grails/2.0.0.RC1/dist/grails-bootstrap-2.0.0.RC1.jar
7422b000-7422c000 ---p 00000000 00:00 0 
7422c000-742ac000 rw-p 00000000 00:00 0 
742ac000-742ad000 ---p 00000000 00:00 0 
742ad000-7432d000 rw-p 00000000 00:00 0 
7432d000-7432e000 ---p 00000000 00:00 0 
7432e000-743ae000 rw-p 00000000 00:00 0 
743ae000-743af000 ---p 00000000 00:00 0 
743af000-7462f000 rw-p 00000000 00:00 0 
7462f000-b47b0000 rw-p 00000000 00:00 0 
b47b0000-b47b2000 r--s 00001000 08:01 135786     /usr/lib/jvm/java-6-openjdk/jre/lib/ext/dnsns.jar
b47b2000-b47b4000 r--s 00008000 08:01 273716     /usr/share/grails/2.0.0.RC1/lib/org.fusesource.jansi/jansi/jars/jansi-1.2.1.jar
b47b4000-b47bc000 r--s 00066000 08:01 410357     /usr/share/java/gnome-java-bridge.jar
b47bc000-b47df000 rw-p 00000000 00:00 0 
b47df000-b487c000 rw-p 00000000 00:00 0 
b487c000-b5124000 rwxp 00000000 00:00 0 
b5124000-b787c000 rw-p 00000000 00:00 0 
b787c000-b787f000 ---p 00000000 00:00 0 
b787f000-b78d0000 rw-p 00000000 00:00 0 
b78d0000-b78d1000 r--s 00003000 08:01 1319722    /home/alari/.grails/ivy-cache/com.googlecode.json-simple/json-simple/jars/json-simple-1.1.jar
b78d1000-b78d3000 r--s 00015000 08:01 393242     /usr/share/grails/2.0.0.RC1/lib/jline/jline/jars/jline-1.0.jar
b78d3000-b78d5000 r--s 0000f000 08:01 135788     /usr/lib/jvm/java-6-openjdk/jre/lib/ext/pulse-java.jar
b78d5000-b78dd000 rw-s 00000000 08:01 531175     /tmp/hsperfdata_alari/4918
b78dd000-b78de000 rw-p 00000000 00:00 0 
b78de000-b78df000 r--p 00000000 00:00 0 
b78df000-b78e1000 rw-p 00000000 00:00 0 
bfb25000-bfb46000 rw-p 00000000 00:00 0          [stack]

VM Arguments:
jvm_args: -Xmx768M -Xms768M -XX:PermSize=256m -XX:MaxPermSize=256m -Dfile.encoding=UTF-8 -javaagent:/usr/share/grails/2.0.0.RC1/lib/com.springsource.springloaded/springloaded-core/jars/springloaded-core-1.0.1.jar -Xverify:none -Dspringloaded=profile=grails -Dgrails.home=/usr/share/grails/2.0.0.RC1 -Dtools.jar=/usr/lib/jvm/java-6-openjdk/lib/tools.jar 
java_command: org.codehaus.groovy.grails.cli.support.GrailsStarter --main org.codehaus.groovy.grails.cli.GrailsScriptRunner --conf /usr/share/grails/2.0.0.RC1/conf/groovy-starter.conf --classpath 
Launcher Type: SUN_STANDARD

Environment Variables:
PATH=/usr/lib/lightdm/lightdm:/usr/local/sbin:/usr/local/bin:/usr/sbin:/usr/bin:/sbin:/bin:/usr/games
USERNAME=alari
LD_LIBRARY_PATH=/usr/lib/jvm/java-6-openjdk/jre/lib/i386/server:/usr/lib/jvm/java-6-openjdk/jre/lib/i386:/usr/lib/jvm/java-6-openjdk/jre/../lib/i386
SHELL=/bin/bash
DISPLAY=:0

Signal Handlers:
SIGSEGV: [libjvm.so+0x66a530], sa_mask[0]=0x7ffbfeff, sa_flags=0x10000004
SIGBUS: [libjvm.so+0x66a530], sa_mask[0]=0x7ffbfeff, sa_flags=0x10000004
SIGFPE: [libjvm.so+0x52e2c0], sa_mask[0]=0x7ffbfeff, sa_flags=0x10000004
SIGPIPE: SIG_IGN, sa_mask[0]=0x00000000, sa_flags=0x00000000
SIGXFSZ: [libjvm.so+0x52e2c0], sa_mask[0]=0x7ffbfeff, sa_flags=0x10000004
SIGILL: [libjvm.so+0x52e2c0], sa_mask[0]=0x7ffbfeff, sa_flags=0x10000004
SIGUSR1: SIG_DFL, sa_mask[0]=0x00000000, sa_flags=0x00000000
SIGUSR2: [libjvm.so+0x52e150], sa_mask[0]=0x00000000, sa_flags=0x10000004
SIGHUP: [libjvm.so+0x5311f0], sa_mask[0]=0x7ffbfeff, sa_flags=0x10000004
SIGINT: [libjvm.so+0x5311f0], sa_mask[0]=0x7ffbfeff, sa_flags=0x10000004
SIGTERM: [libjvm.so+0x5311f0], sa_mask[0]=0x7ffbfeff, sa_flags=0x10000004
SIGQUIT: [libjvm.so+0x5311f0], sa_mask[0]=0x7ffbfeff, sa_flags=0x10000004


---------------  S Y S T E M  ---------------

OS:Ubuntu 11.10 (oneiric)
uname:Linux 3.0.0-12-generic #20-Ubuntu SMP Fri Oct 7 14:50:42 UTC 2011 i686
libc:glibc 2.13 NPTL 2.13 
rlimit: STACK 8192k, CORE 0k, NPROC 16001, NOFILE 4096, AS infinity
load average:0.68 0.41 0.51

/proc/meminfo:
MemTotal:        2062180 kB
MemFree:          137808 kB
Buffers:            6316 kB
Cached:           202160 kB
SwapCached:        95008 kB
Active:          1156468 kB
Inactive:         716352 kB
Active(anon):    1082192 kB
Inactive(anon):   590724 kB
Active(file):      74276 kB
Inactive(file):   125628 kB
Unevictable:           0 kB
Mlocked:               0 kB
HighTotal:       1187784 kB
HighFree:          19924 kB
LowTotal:         874396 kB
LowFree:          117884 kB
SwapTotal:       2095100 kB
SwapFree:        1647160 kB
Dirty:              1436 kB
Writeback:             0 kB
AnonPages:       1621520 kB
Mapped:            79020 kB
Shmem:              8584 kB
Slab:              27448 kB
SReclaimable:      14012 kB
SUnreclaim:        13436 kB
KernelStack:        3680 kB
PageTables:         8976 kB
NFS_Unstable:          0 kB
Bounce:                0 kB
WritebackTmp:          0 kB
CommitLimit:     3126188 kB
Committed_AS:    4193400 kB
VmallocTotal:     122880 kB
VmallocUsed:        7040 kB
VmallocChunk:     110656 kB
HardwareCorrupted:     0 kB
AnonHugePages:         0 kB
HugePages_Total:       0
HugePages_Free:        0
HugePages_Rsvd:        0
HugePages_Surp:        0
Hugepagesize:       4096 kB
DirectMap4k:       16376 kB
DirectMap4M:      892928 kB


CPU:total 4 (1 cores per cpu, 1 threads per core) family 6 model 37 stepping 2, cmov, cx8, fxsr, mmx, sse, sse2, sse3, ssse3, sse4.1, sse4.2, popcnt

Memory: 4k page, physical 2062180k(137808k free), swap 2095100k(1647160k free)

vm_info: OpenJDK Server VM (20.0-b11) for linux-x86 JRE (1.6.0_23-b23), built on Oct 22 2011 01:02:34 by "buildd" with gcc 4.6.1

time: Mon Nov 21 22:35:35 2011
elapsed time: 694 seconds

