#
# A fatal error has been detected by the Java Runtime Environment:
#
#  SIGSEGV (0xb) at pc=0xb492fa3d, pid=11110, tid=3077540720
#
# JRE version: 6.0_23-b23
# Java VM: OpenJDK Server VM (20.0-b11 mixed mode linux-x86 )
# Derivative: IcedTea6 1.11pre
# Distribution: Ubuntu 11.10, package 6b23~pre11-0ubuntu1.11.10
# Problematic frame:
# J  org.apache.ivy.core.module.descriptor.DefaultDependencyDescriptor.getDependencyConfigurations(Ljava/lang/String;Ljava/lang/String;)[Ljava/lang/String;
#
# If you would like to submit a bug report, please include
# instructions how to reproduce the bug and visit:
#   https://bugs.launchpad.net/ubuntu/+source/openjdk-6/
#

---------------  T H R E A D  ---------------

Current thread (0x08fec400):  JavaThread "main" [_thread_in_Java, id=11124, stack(0xb76a8000,0xb76f9000)]

siginfo:si_signo=SIGSEGV: si_errno=0, si_code=128 (), si_addr=0x00000000

Registers:
EAX=0xa9533ed0, EBX=0xa9534fa8, ECX=0x00000000, EDX=0x00000025
ESP=0xb76f5bd0, EBP=0xa9533ed0, ESI=0x74c4e5f8, EDI=0xa9534fa8
EIP=0xb492fa3d, EFLAGS=0x00010246, CR2=0x00000004

Top of Stack: (sp=0xb76f5bd0)
0xb76f5bd0:   b76f5be0 adc42d50 a952d198 08fec400
0xb76f5be0:   a9533ed0 a9534fa8 a9533ed0 00000001
0xb76f5bf0:   74c4e5f8 00000000 a9534fa8 748a6530
0xb76f5c00:   00000002 ffffffff 00000001 00000000
0xb76f5c10:   748a6530 b76f5c50 7470e6b0 b47ee020
0xb76f5c20:   b0609428 00000000 b76f5c74 b46ab523
0xb76f5c30:   74c4e5f8 00000000 b76f5c74 b46ab047
0xb76f5c40:   74c4e5f8 b46ab523 74c4e5f8 74c4e5f8 

Instructions: (pc=0xb492fa3d)
0xb492fa1d:   7c 24 28 8b 4f 04 81 f9 e8 f5 70 74 0f 85 36 29
0xb492fa2d:   00 00 89 7c 24 14 8b 6c 24 18 0f b6 4d 28 85 c9
0xb492fa3d:   0f 84 cb 1e 00 00 8b 4d 1c 41 89 4d 1c f0 83 04
0xb492fa4d:   24 00 8b cf 66 90 e8 88 56 da ff 8b 5d 2c 8b 4c 

Register to memory mapping:

EAX=0xa9533ed0 is an oop
java.util.LinkedHashMap 
 - klass: 'java/util/LinkedHashMap'
EBX=0xa9534fa8 is an oop
java.util.LinkedHashMap$Entry 
 - klass: 'java/util/LinkedHashMap$Entry'
ECX=0x00000000 is an unknown value
EDX=0x00000025 is an unknown value
ESP=0xb76f5bd0 is pointing into the stack for thread: 0x08fec400
EBP=0xa9533ed0 is an oop
java.util.LinkedHashMap 
 - klass: 'java/util/LinkedHashMap'
ESI=0x74c4e5f8 is an oop
java.lang.String 
 - klass: 'java/lang/String'
EDI=0xa9534fa8 is an oop
java.util.LinkedHashMap$Entry 
 - klass: 'java/util/LinkedHashMap$Entry'


Stack: [0xb76a8000,0xb76f9000],  sp=0xb76f5bd0,  free space=310k
Native frames: (J=compiled Java code, j=interpreted, Vv=VM code, C=native code)
J  org.apache.ivy.core.module.descriptor.DefaultDependencyDescriptor.getDependencyConfigurations(Ljava/lang/String;Ljava/lang/String;)[Ljava/lang/String;


---------------  P R O C E S S  ---------------

Java Threads: ( => current thread )
  0x090df400 JavaThread "Low Memory Detector" daemon [_thread_blocked, id=11135, stack(0x73922000,0x73973000)]
  0x090e4000 JavaThread "C2 CompilerThread1" daemon [_thread_in_native, id=11134, stack(0x73973000,0x739f4000)]
  0x090e2400 JavaThread "C2 CompilerThread0" daemon [_thread_in_vm, id=11133, stack(0x739f4000,0x73a75000)]
  0x090ac000 JavaThread "Signal Dispatcher" daemon [_thread_blocked, id=11132, stack(0x73ae2000,0x73b33000)]
  0x0909c800 JavaThread "Finalizer" daemon [_thread_blocked, id=11131, stack(0x73d74000,0x73dc5000)]
  0x09097c00 JavaThread "Reference Handler" daemon [_thread_blocked, id=11130, stack(0x73dc5000,0x73e16000)]
=>0x08fec400 JavaThread "main" [_thread_in_Java, id=11124, stack(0xb76a8000,0xb76f9000)]

Other Threads:
  0x09093c00 VMThread [stack: 0x73e16000,0x73e97000] [id=11129]
  0x73801800 WatcherThread [stack: 0x7377f000,0x73800000] [id=11136]

VM state:not at safepoint (normal execution)

VM Mutex/Monitor currently owned by a thread: None

Heap
 PSYoungGen      total 229376K, used 162506K [0xa45e0000, 0xb45e0000, 0xb45e0000)
  eden space 196608K, 78% used [0xa45e0000,0xadcb2b68,0xb05e0000)
  from space 32768K, 24% used [0xb05e0000,0xb0dc0038,0xb25e0000)
  to   space 32768K, 0% used [0xb25e0000,0xb25e0000,0xb45e0000)
 PSOldGen        total 524288K, used 0K [0x845e0000, 0xa45e0000, 0xa45e0000)
  object space 524288K, 0% used [0x845e0000,0x845e0000,0xa45e0000)
 PSPermGen       total 262144K, used 15341K [0x745e0000, 0x845e0000, 0x845e0000)
  object space 262144K, 5% used [0x745e0000,0x754db748,0x845e0000)

Code Cache  [0xb46a8000, 0xb4938000, 0xb76a8000)
 total_blobs=772 nmethods=408 adapters=315 free_code_cache=47678592 largest_free_block=7360

Dynamic libraries:
00110000-0011a000 r-xp 00000000 08:01 148846     /usr/lib/jvm/java-6-openjdk/jre/lib/i386/libinstrument.so
0011a000-0011b000 r--p 00009000 08:01 148846     /usr/lib/jvm/java-6-openjdk/jre/lib/i386/libinstrument.so
0011b000-0011c000 rw-p 0000a000 08:01 148846     /usr/lib/jvm/java-6-openjdk/jre/lib/i386/libinstrument.so
0011c000-00123000 r-xp 00000000 08:01 146026     /usr/lib/jvm/java-6-openjdk/jre/lib/i386/libzip.so
00123000-00124000 r--p 00006000 08:01 146026     /usr/lib/jvm/java-6-openjdk/jre/lib/i386/libzip.so
00124000-00125000 rw-p 00007000 08:01 146026     /usr/lib/jvm/java-6-openjdk/jre/lib/i386/libzip.so
00141000-0015d000 r-xp 00000000 08:01 1704891    /lib/i386-linux-gnu/libgcc_s.so.1
0015d000-0015e000 r--p 0001b000 08:01 1704891    /lib/i386-linux-gnu/libgcc_s.so.1
0015e000-0015f000 rw-p 0001c000 08:01 1704891    /lib/i386-linux-gnu/libgcc_s.so.1
00160000-00177000 r-xp 00000000 08:01 1704930    /lib/i386-linux-gnu/libpthread-2.13.so
00177000-00178000 r--p 00016000 08:01 1704930    /lib/i386-linux-gnu/libpthread-2.13.so
00178000-00179000 rw-p 00017000 08:01 1704930    /lib/i386-linux-gnu/libpthread-2.13.so
00179000-0017b000 rw-p 00000000 00:00 0 
0017b000-002f1000 r-xp 00000000 08:01 1704870    /lib/i386-linux-gnu/libc-2.13.so
002f1000-002f3000 r--p 00176000 08:01 1704870    /lib/i386-linux-gnu/libc-2.13.so
002f3000-002f4000 rw-p 00178000 08:01 1704870    /lib/i386-linux-gnu/libc-2.13.so
002f4000-002f7000 rw-p 00000000 00:00 0 
00304000-00305000 r-xp 00000000 00:00 0          [vdso]
00441000-00456000 r-xp 00000000 08:01 148852     /usr/lib/jvm/java-6-openjdk/jre/lib/i386/libnet.so
00456000-00457000 r--p 00014000 08:01 148852     /usr/lib/jvm/java-6-openjdk/jre/lib/i386/libnet.so
00457000-00458000 rw-p 00015000 08:01 148852     /usr/lib/jvm/java-6-openjdk/jre/lib/i386/libnet.so
00635000-0065d000 r-xp 00000000 08:01 1704900    /lib/i386-linux-gnu/libm-2.13.so
0065d000-0065e000 r--p 00028000 08:01 1704900    /lib/i386-linux-gnu/libm-2.13.so
0065e000-0065f000 rw-p 00029000 08:01 1704900    /lib/i386-linux-gnu/libm-2.13.so
0072a000-00735000 r-xp 00000000 08:01 1704911    /lib/i386-linux-gnu/libnss_files-2.13.so
00735000-00736000 r--p 0000a000 08:01 1704911    /lib/i386-linux-gnu/libnss_files-2.13.so
00736000-00737000 rw-p 0000b000 08:01 1704911    /lib/i386-linux-gnu/libnss_files-2.13.so
00794000-007a7000 r-xp 00000000 08:01 1704953    /lib/i386-linux-gnu/libz.so.1.2.3.4
007a7000-007a8000 r--p 00012000 08:01 1704953    /lib/i386-linux-gnu/libz.so.1.2.3.4
007a8000-007a9000 rw-p 00013000 08:01 1704953    /lib/i386-linux-gnu/libz.so.1.2.3.4
00838000-00840000 r-xp 00000000 08:01 1704907    /lib/i386-linux-gnu/libnss_compat-2.13.so
00840000-00841000 r--p 00007000 08:01 1704907    /lib/i386-linux-gnu/libnss_compat-2.13.so
00841000-00842000 rw-p 00008000 08:01 1704907    /lib/i386-linux-gnu/libnss_compat-2.13.so
008c8000-008dd000 r-xp 00000000 08:01 1704905    /lib/i386-linux-gnu/libnsl-2.13.so
008dd000-008de000 r--p 00015000 08:01 1704905    /lib/i386-linux-gnu/libnsl-2.13.so
008de000-008df000 rw-p 00016000 08:01 1704905    /lib/i386-linux-gnu/libnsl-2.13.so
008df000-008e1000 rw-p 00000000 00:00 0 
00967000-0096e000 r-xp 00000000 08:01 1704934    /lib/i386-linux-gnu/librt-2.13.so
0096e000-0096f000 r--p 00006000 08:01 1704934    /lib/i386-linux-gnu/librt-2.13.so
0096f000-00970000 rw-p 00007000 08:01 1704934    /lib/i386-linux-gnu/librt-2.13.so
00a70000-00b4e000 r-xp 00000000 08:01 136572     /usr/lib/i386-linux-gnu/libstdc++.so.6.0.16
00b4e000-00b4f000 ---p 000de000 08:01 136572     /usr/lib/i386-linux-gnu/libstdc++.so.6.0.16
00b4f000-00b53000 r--p 000de000 08:01 136572     /usr/lib/i386-linux-gnu/libstdc++.so.6.0.16
00b53000-00b54000 rw-p 000e2000 08:01 136572     /usr/lib/i386-linux-gnu/libstdc++.so.6.0.16
00b54000-00b5b000 rw-p 00000000 00:00 0 
00b64000-00b67000 r-xp 00000000 08:01 1704881    /lib/i386-linux-gnu/libdl-2.13.so
00b67000-00b68000 r--p 00002000 08:01 1704881    /lib/i386-linux-gnu/libdl-2.13.so
00b68000-00b69000 rw-p 00003000 08:01 1704881    /lib/i386-linux-gnu/libdl-2.13.so
00b9f000-00bb0000 r-xp 00000000 08:01 530929     /tmp/jna1723248090348452908.tmp
00bb0000-00bb1000 rw-p 00011000 08:01 530929     /tmp/jna1723248090348452908.tmp
00c3b000-00c61000 r-xp 00000000 08:01 141127     /usr/lib/jvm/java-6-openjdk/jre/lib/i386/libjava.so
00c61000-00c62000 r--p 00025000 08:01 141127     /usr/lib/jvm/java-6-openjdk/jre/lib/i386/libjava.so
00c62000-00c64000 rw-p 00026000 08:01 141127     /usr/lib/jvm/java-6-openjdk/jre/lib/i386/libjava.so
00dbc000-00dc7000 r-xp 00000000 08:01 148841     /usr/lib/jvm/java-6-openjdk/jre/lib/i386/libverify.so
00dc7000-00dc8000 ---p 0000b000 08:01 148841     /usr/lib/jvm/java-6-openjdk/jre/lib/i386/libverify.so
00dc8000-00dc9000 r--p 0000b000 08:01 148841     /usr/lib/jvm/java-6-openjdk/jre/lib/i386/libverify.so
00dc9000-00dca000 rw-p 0000c000 08:01 148841     /usr/lib/jvm/java-6-openjdk/jre/lib/i386/libverify.so
00e5c000-00e66000 r-xp 00000000 08:01 1704915    /lib/i386-linux-gnu/libnss_nis-2.13.so
00e66000-00e67000 r--p 00009000 08:01 1704915    /lib/i386-linux-gnu/libnss_nis-2.13.so
00e67000-00e68000 rw-p 0000a000 08:01 1704915    /lib/i386-linux-gnu/libnss_nis-2.13.so
00f23000-00f27000 r-xp 00000000 08:01 274116     /usr/lib/jvm/java-6-openjdk/jre/lib/i386/jli/libjli.so
00f27000-00f28000 r--p 00003000 08:01 274116     /usr/lib/jvm/java-6-openjdk/jre/lib/i386/jli/libjli.so
00f28000-00f29000 rw-p 00004000 08:01 274116     /usr/lib/jvm/java-6-openjdk/jre/lib/i386/jli/libjli.so
00f68000-00f86000 r-xp 00000000 08:01 1704857    /lib/i386-linux-gnu/ld-2.13.so
00f86000-00f87000 r--p 0001d000 08:01 1704857    /lib/i386-linux-gnu/ld-2.13.so
00f87000-00f88000 rw-p 0001e000 08:01 1704857    /lib/i386-linux-gnu/ld-2.13.so
00f88000-017a6000 r-xp 00000000 08:01 274118     /usr/lib/jvm/java-6-openjdk/jre/lib/i386/server/libjvm.so
017a6000-017eb000 r--p 0081e000 08:01 274118     /usr/lib/jvm/java-6-openjdk/jre/lib/i386/server/libjvm.so
017eb000-017fa000 rw-p 00863000 08:01 274118     /usr/lib/jvm/java-6-openjdk/jre/lib/i386/server/libjvm.so
017fa000-01c14000 rw-p 00000000 00:00 0 
08048000-08051000 r-xp 00000000 08:01 274092     /usr/lib/jvm/java-6-openjdk/jre/bin/java
08051000-08052000 r--p 00008000 08:01 274092     /usr/lib/jvm/java-6-openjdk/jre/bin/java
08052000-08053000 rw-p 00009000 08:01 274092     /usr/lib/jvm/java-6-openjdk/jre/bin/java
08fe4000-0f8ad000 rw-p 00000000 00:00 0          [heap]
70a00000-70af4000 rw-p 00000000 00:00 0 
70af4000-70b00000 ---p 00000000 00:00 0 
70c00000-70ceb000 rw-p 00000000 00:00 0 
70ceb000-70d00000 ---p 00000000 00:00 0 
70d00000-70dee000 rw-p 00000000 00:00 0 
70dee000-70e00000 ---p 00000000 00:00 0 
70e00000-70efd000 rw-p 00000000 00:00 0 
70efd000-70f00000 ---p 00000000 00:00 0 
70f00000-70ffe000 rw-p 00000000 00:00 0 
70ffe000-71000000 ---p 00000000 00:00 0 
71000000-710f8000 rw-p 00000000 00:00 0 
710f8000-71100000 ---p 00000000 00:00 0 
71100000-711ef000 rw-p 00000000 00:00 0 
711ef000-71200000 ---p 00000000 00:00 0 
71200000-712fd000 rw-p 00000000 00:00 0 
712fd000-71300000 ---p 00000000 00:00 0 
71300000-713fc000 rw-p 00000000 00:00 0 
713fc000-71400000 ---p 00000000 00:00 0 
71400000-714fd000 rw-p 00000000 00:00 0 
714fd000-71500000 ---p 00000000 00:00 0 
71500000-71600000 rw-p 00000000 00:00 0 
71600000-716fb000 rw-p 00000000 00:00 0 
716fb000-71700000 ---p 00000000 00:00 0 
71800000-718f9000 rw-p 00000000 00:00 0 
718f9000-71900000 ---p 00000000 00:00 0 
71900000-719fa000 rw-p 00000000 00:00 0 
719fa000-71a00000 ---p 00000000 00:00 0 
71a00000-71afe000 rw-p 00000000 00:00 0 
71afe000-71b00000 ---p 00000000 00:00 0 
71b00000-71bf1000 rw-p 00000000 00:00 0 
71bf1000-71c00000 ---p 00000000 00:00 0 
71c00000-71cf7000 rw-p 00000000 00:00 0 
71cf7000-71d00000 ---p 00000000 00:00 0 
71d00000-71df6000 rw-p 00000000 00:00 0 
71df6000-71e00000 ---p 00000000 00:00 0 
71e00000-71fe8000 rw-p 00000000 00:00 0 
71fe8000-72000000 ---p 00000000 00:00 0 
72000000-72200000 rw-p 00000000 00:00 0 
72200000-72400000 rw-p 00000000 00:00 0 
72400000-72600000 rw-p 00000000 00:00 0 
72600000-72800000 rw-p 00000000 00:00 0 
72800000-728fe000 rw-p 00000000 00:00 0 
728fe000-72900000 ---p 00000000 00:00 0 
72900000-729fc000 rw-p 00000000 00:00 0 
729fc000-72a00000 ---p 00000000 00:00 0 
72a00000-72a88000 rw-p 00000000 00:00 0 
72a88000-72b00000 ---p 00000000 00:00 0 
72b00000-72d00000 rw-p 00000000 00:00 0 
72d00000-72f00000 rw-p 00000000 00:00 0 
72f00000-73000000 rw-p 00000000 00:00 0 
73100000-731fd000 rw-p 00000000 00:00 0 
731fd000-73200000 ---p 00000000 00:00 0 
73300000-733fe000 rw-p 00000000 00:00 0 
733fe000-73400000 ---p 00000000 00:00 0 
734ea000-734ed000 ---p 00000000 00:00 0 
734ed000-7353b000 rw-p 00000000 00:00 0 
7353b000-7353e000 ---p 00000000 00:00 0 
7353e000-7358c000 rw-p 00000000 00:00 0 
73600000-736fb000 rw-p 00000000 00:00 0 
736fb000-73700000 ---p 00000000 00:00 0 
73701000-73761000 r--s 00d92000 08:01 274159     /usr/lib/jvm/java-6-openjdk/lib/tools.jar
73761000-7377f000 r--s 001bb000 08:01 932852     /usr/share/grails/2.0.0.RC2/lib/org.apache.ant/ant/jars/ant-1.8.2.jar
7377f000-73780000 ---p 00000000 00:00 0 
73780000-73800000 rw-p 00000000 00:00 0 
73800000-738fa000 rw-p 00000000 00:00 0 
738fa000-73900000 ---p 00000000 00:00 0 
73905000-73907000 r--s 00001000 08:01 135786     /usr/lib/jvm/java-6-openjdk/jre/lib/ext/dnsns.jar
73907000-7390c000 r--s 00050000 08:01 933040     /usr/share/grails/2.0.0.RC2/lib/org.codehaus.gant/gant_groovy1.8/jars/gant_groovy1.8-1.9.6.jar
7390c000-7391b000 r--s 000d9000 08:01 933028     /usr/share/grails/2.0.0.RC2/lib/org.apache.ivy/ivy/jars/ivy-2.2.0.jar
7391b000-7391d000 r--s 00009000 08:01 932575     /usr/share/grails/2.0.0.RC2/lib/commons-cli/commons-cli/jars/commons-cli-1.2.jar
7391d000-73920000 r--s 000cf000 08:01 933119     /usr/share/grails/2.0.0.RC2/lib/net.java.dev.jna/jna/jars/jna-3.2.3.jar
73920000-73922000 r--s 00008000 08:01 933101     /usr/share/grails/2.0.0.RC2/lib/org.fusesource.jansi/jansi/jars/jansi-1.2.1.jar
73922000-73925000 ---p 00000000 00:00 0 
73925000-73973000 rw-p 00000000 00:00 0 
73973000-73976000 ---p 00000000 00:00 0 
73976000-739f4000 rw-p 00000000 00:00 0 
739f4000-739f7000 ---p 00000000 00:00 0 
739f7000-73a75000 rw-p 00000000 00:00 0 
73a75000-73a78000 r--s 0007d000 08:01 131499     /usr/lib/jvm/java-6-openjdk/jre/lib/jsse.jar
73a78000-73a7f000 r--s 00067000 08:01 932533     /usr/share/grails/2.0.0.RC2/lib/com.springsource.springloaded/springloaded-core/jars/springloaded-core-1.0.2.jar
73a7f000-73a87000 r--s 00094000 08:01 933350     /usr/share/grails/2.0.0.RC2/dist/grails-bootstrap-2.0.0.RC2.jar
73a87000-73ae2000 r--s 00581000 08:01 933127     /usr/share/grails/2.0.0.RC2/lib/org.codehaus.groovy/groovy-all/jars/groovy-all-1.8.4.jar
73ae2000-73ae5000 ---p 00000000 00:00 0 
73ae5000-73b33000 rw-p 00000000 00:00 0 
73b33000-73b34000 r--p 0043a000 08:01 139120     /usr/lib/locale/locale-archive
73b34000-73b74000 r--p 002bd000 08:01 139120     /usr/lib/locale/locale-archive
73b74000-73d74000 r--p 00000000 08:01 139120     /usr/lib/locale/locale-archive
73d74000-73d77000 ---p 00000000 00:00 0 
73d77000-73dc5000 rw-p 00000000 00:00 0 
73dc5000-73dc8000 ---p 00000000 00:00 0 
73dc8000-73e16000 rw-p 00000000 00:00 0 
73e16000-73e17000 ---p 00000000 00:00 0 
73e17000-73eca000 rw-p 00000000 00:00 0 
73eca000-7405b000 r--s 037b8000 08:01 148855     /usr/lib/jvm/java-6-openjdk/jre/lib/rt.jar
7405b000-7405c000 ---p 00000000 00:00 0 
7405c000-740dc000 rw-p 00000000 00:00 0 
740dc000-740dd000 ---p 00000000 00:00 0 
740dd000-7415d000 rw-p 00000000 00:00 0 
7415d000-7415e000 ---p 00000000 00:00 0 
7415e000-741de000 rw-p 00000000 00:00 0 
741de000-741df000 ---p 00000000 00:00 0 
741df000-7445f000 rw-p 00000000 00:00 0 
7445f000-b45e0000 rw-p 00000000 00:00 0 
b45e0000-b45e8000 r--s 00066000 08:01 410357     /usr/share/java/gnome-java-bridge.jar
b45e8000-b45f3000 rw-p 00000000 00:00 0 
b45f3000-b46a8000 rw-p 00000000 00:00 0 
b46a8000-b4938000 rwxp 00000000 00:00 0 
b4938000-b76a8000 rw-p 00000000 00:00 0 
b76a8000-b76ab000 ---p 00000000 00:00 0 
b76ab000-b76fc000 rw-p 00000000 00:00 0 
b76fd000-b76ff000 r--s 00015000 08:01 932986     /usr/share/grails/2.0.0.RC2/lib/jline/jline/jars/jline-1.0.jar
b76ff000-b7701000 r--s 0000f000 08:01 135788     /usr/lib/jvm/java-6-openjdk/jre/lib/ext/pulse-java.jar
b7701000-b7709000 rw-s 00000000 08:01 656263     /tmp/hsperfdata_alari/11110
b7709000-b770a000 rw-p 00000000 00:00 0 
b770a000-b770b000 r--p 00000000 00:00 0 
b770b000-b770d000 rw-p 00000000 00:00 0 
bffb1000-bffd2000 rw-p 00000000 00:00 0          [stack]

VM Arguments:
jvm_args: -Xmx768M -Xms768M -XX:PermSize=256m -XX:MaxPermSize=256m -Dfile.encoding=UTF-8 -javaagent:/usr/share/grails/2.0.0.RC2/lib/com.springsource.springloaded/springloaded-core/jars/springloaded-core-1.0.2.jar -Xverify:none -Dspringloaded=profile=grails -Dgrails.home=/usr/share/grails/2.0.0.RC2 -Dtools.jar=/usr/lib/jvm/java-6-openjdk/lib/tools.jar 
java_command: org.codehaus.groovy.grails.cli.support.GrailsStarter --main org.codehaus.groovy.grails.cli.GrailsScriptRunner --conf /usr/share/grails/2.0.0.RC2/conf/groovy-starter.conf --classpath 
Launcher Type: SUN_STANDARD

Environment Variables:
PATH=/usr/lib/lightdm/lightdm:/usr/local/sbin:/usr/local/bin:/usr/sbin:/usr/bin:/sbin:/bin:/usr/games
USERNAME=alari
LD_LIBRARY_PATH=/usr/lib/jvm/java-6-openjdk/jre/lib/i386/server:/usr/lib/jvm/java-6-openjdk/jre/lib/i386:/usr/lib/jvm/java-6-openjdk/jre/../lib/i386
SHELL=/bin/bash
DISPLAY=:0

Signal Handlers:
SIGSEGV: [libjvm.so+0x66a530], sa_mask[0]=0x7ffbfeff, sa_flags=0x10000004
SIGBUS: [libjvm.so+0x66a530], sa_mask[0]=0x7ffbfeff, sa_flags=0x10000004
SIGFPE: [libjvm.so+0x52e2c0], sa_mask[0]=0x7ffbfeff, sa_flags=0x10000004
SIGPIPE: [libjvm.so+0x52e2c0], sa_mask[0]=0x7ffbfeff, sa_flags=0x10000004
SIGXFSZ: [libjvm.so+0x52e2c0], sa_mask[0]=0x7ffbfeff, sa_flags=0x10000004
SIGILL: [libjvm.so+0x52e2c0], sa_mask[0]=0x7ffbfeff, sa_flags=0x10000004
SIGUSR1: SIG_DFL, sa_mask[0]=0x00000000, sa_flags=0x00000000
SIGUSR2: [libjvm.so+0x52e150], sa_mask[0]=0x00000000, sa_flags=0x10000004
SIGHUP: [libjvm.so+0x5311f0], sa_mask[0]=0x7ffbfeff, sa_flags=0x10000004
SIGINT: [libjvm.so+0x5311f0], sa_mask[0]=0x7ffbfeff, sa_flags=0x10000004
SIGTERM: [libjvm.so+0x5311f0], sa_mask[0]=0x7ffbfeff, sa_flags=0x10000004
SIGQUIT: [libjvm.so+0x5311f0], sa_mask[0]=0x7ffbfeff, sa_flags=0x10000004


---------------  S Y S T E M  ---------------

OS:Ubuntu 11.10 (oneiric)
uname:Linux 3.0.0-13-generic #22-Ubuntu SMP Wed Nov 2 13:25:36 UTC 2011 i686
libc:glibc 2.13 NPTL 2.13 
rlimit: STACK 8192k, CORE 0k, NPROC 16001, NOFILE 4096, AS infinity
load average:3.09 1.72 1.17

/proc/meminfo:
MemTotal:        2062172 kB
MemFree:          724236 kB
Buffers:            5572 kB
Cached:           149236 kB
SwapCached:       150932 kB
Active:           854152 kB
Inactive:         429404 kB
Active(anon):     814960 kB
Inactive(anon):   324356 kB
Active(file):      39192 kB
Inactive(file):   105048 kB
Unevictable:          16 kB
Mlocked:              16 kB
HighTotal:       1187784 kB
HighFree:          72000 kB
LowTotal:         874388 kB
LowFree:          652236 kB
SwapTotal:       2095100 kB
SwapFree:        1271452 kB
Dirty:               616 kB
Writeback:             0 kB
AnonPages:       1038812 kB
Mapped:            58156 kB
Shmem:             10480 kB
Slab:              30868 kB
SReclaimable:      15944 kB
SUnreclaim:        14924 kB
KernelStack:        3320 kB
PageTables:         9196 kB
NFS_Unstable:          0 kB
Bounce:                0 kB
WritebackTmp:          0 kB
CommitLimit:     3126184 kB
Committed_AS:    4348164 kB
VmallocTotal:     122880 kB
VmallocUsed:        6796 kB
VmallocChunk:     110848 kB
HardwareCorrupted:     0 kB
AnonHugePages:         0 kB
HugePages_Total:       0
HugePages_Free:        0
HugePages_Rsvd:        0
HugePages_Surp:        0
Hugepagesize:       4096 kB
DirectMap4k:       16376 kB
DirectMap4M:      892928 kB


CPU:total 4 (1 cores per cpu, 1 threads per core) family 6 model 37 stepping 2, cmov, cx8, fxsr, mmx, sse, sse2, sse3, ssse3, sse4.1, sse4.2, popcnt

Memory: 4k page, physical 2062172k(724236k free), swap 2095100k(1271452k free)

vm_info: OpenJDK Server VM (20.0-b11) for linux-x86 JRE (1.6.0_23-b23), built on Oct 22 2011 01:02:34 by "buildd" with gcc 4.6.1

time: Thu Dec  1 18:47:23 2011
elapsed time: 16 seconds

